1 Platforms found
1 Devices found
Max workgroup size is 1024
0 + 4096 = 4096
1 + 4095 = 4096
2 + 4094 = 4096
3 + 4093 = 4096
4 + 4092 = 4096
5 + 4091 = 4096
6 + 4090 = 4096
7 + 4089 = 4096
8 + 4088 = 4096
9 + 4087 = 4096
10 + 4086 = 4096
11 + 4085 = 4096
12 + 4084 = 4096
13 + 4083 = 4096
14 + 4082 = 4096
15 + 4081 = 4096
16 + 4080 = 4096
17 + 4079 = 4096
18 + 4078 = 4096
19 + 4077 = 4096
20 + 4076 = 4096
21 + 4075 = 4096
22 + 4074 = 4096
23 + 4073 = 4096
24 + 4072 = 4096
25 + 4071 = 4096
26 + 4070 = 4096
27 + 4069 = 4096
28 + 4068 = 4096
29 + 4067 = 4096
30 + 4066 = 4096
31 + 4065 = 4096
32 + 4064 = 4096
33 + 4063 = 4096
34 + 4062 = 4096
35 + 4061 = 4096
36 + 4060 = 4096
37 + 4059 = 4096
38 + 4058 = 4096
39 + 4057 = 4096
40 + 4056 = 4096
41 + 4055 = 4096
42 + 4054 = 4096
43 + 4053 = 4096
44 + 4052 = 4096
45 + 4051 = 4096
46 + 4050 = 4096
47 + 4049 = 4096
48 + 4048 = 4096
49 + 4047 = 4096
50 + 4046 = 4096
51 + 4045 = 4096
52 + 4044 = 4096
53 + 4043 = 4096
54 + 4042 = 4096
55 + 4041 = 4096
56 + 4040 = 4096
57 + 4039 = 4096
58 + 4038 = 4096
59 + 4037 = 4096
60 + 4036 = 4096
61 + 4035 = 4096
62 + 4034 = 4096
63 + 4033 = 4096
64 + 4032 = 4096
65 + 4031 = 4096
66 + 4030 = 4096
67 + 4029 = 4096
68 + 4028 = 4096
69 + 4027 = 4096
70 + 4026 = 4096
71 + 4025 = 4096
72 + 4024 = 4096
73 + 4023 = 4096
74 + 4022 = 4096
75 + 4021 = 4096
76 + 4020 = 4096
77 + 4019 = 4096
78 + 4018 = 4096
79 + 4017 = 4096
80 + 4016 = 4096
81 + 4015 = 4096
82 + 4014 = 4096
83 + 4013 = 4096
84 + 4012 = 4096
85 + 4011 = 4096
86 + 4010 = 4096
87 + 4009 = 4096
88 + 4008 = 4096
89 + 4007 = 4096
90 + 4006 = 4096
91 + 4005 = 4096
92 + 4004 = 4096
93 + 4003 = 4096
94 + 4002 = 4096
95 + 4001 = 4096
96 + 4000 = 4096
97 + 3999 = 4096
98 + 3998 = 4096
99 + 3997 = 4096
100 + 3996 = 4096
101 + 3995 = 4096
102 + 3994 = 4096
103 + 3993 = 4096
104 + 3992 = 4096
105 + 3991 = 4096
106 + 3990 = 4096
107 + 3989 = 4096
108 + 3988 = 4096
109 + 3987 = 4096
110 + 3986 = 4096
111 + 3985 = 4096
112 + 3984 = 4096
113 + 3983 = 4096
114 + 3982 = 4096
115 + 3981 = 4096
116 + 3980 = 4096
117 + 3979 = 4096
118 + 3978 = 4096
119 + 3977 = 4096
120 + 3976 = 4096
121 + 3975 = 4096
122 + 3974 = 4096
123 + 3973 = 4096
124 + 3972 = 4096
125 + 3971 = 4096
126 + 3970 = 4096
127 + 3969 = 4096
128 + 3968 = 4096
129 + 3967 = 4096
130 + 3966 = 4096
131 + 3965 = 4096
132 + 3964 = 4096
133 + 3963 = 4096
134 + 3962 = 4096
135 + 3961 = 4096
136 + 3960 = 4096
137 + 3959 = 4096
138 + 3958 = 4096
139 + 3957 = 4096
140 + 3956 = 4096
141 + 3955 = 4096
142 + 3954 = 4096
143 + 3953 = 4096
144 + 3952 = 4096
145 + 3951 = 4096
146 + 3950 = 4096
147 + 3949 = 4096
148 + 3948 = 4096
149 + 3947 = 4096
150 + 3946 = 4096
151 + 3945 = 4096
152 + 3944 = 4096
153 + 3943 = 4096
154 + 3942 = 4096
155 + 3941 = 4096
156 + 3940 = 4096
157 + 3939 = 4096
158 + 3938 = 4096
159 + 3937 = 4096
160 + 3936 = 4096
161 + 3935 = 4096
162 + 3934 = 4096
163 + 3933 = 4096
164 + 3932 = 4096
165 + 3931 = 4096
166 + 3930 = 4096
167 + 3929 = 4096
168 + 3928 = 4096
169 + 3927 = 4096
170 + 3926 = 4096
171 + 3925 = 4096
172 + 3924 = 4096
173 + 3923 = 4096
174 + 3922 = 4096
175 + 3921 = 4096
176 + 3920 = 4096
177 + 3919 = 4096
178 + 3918 = 4096
179 + 3917 = 4096
180 + 3916 = 4096
181 + 3915 = 4096
182 + 3914 = 4096
183 + 3913 = 4096
184 + 3912 = 4096
185 + 3911 = 4096
186 + 3910 = 4096
187 + 3909 = 4096
188 + 3908 = 4096
189 + 3907 = 4096
190 + 3906 = 4096
191 + 3905 = 4096
192 + 3904 = 4096
193 + 3903 = 4096
194 + 3902 = 4096
195 + 3901 = 4096
196 + 3900 = 4096
197 + 3899 = 4096
198 + 3898 = 4096
199 + 3897 = 4096
200 + 3896 = 4096
201 + 3895 = 4096
202 + 3894 = 4096
203 + 3893 = 4096
204 + 3892 = 4096
205 + 3891 = 4096
206 + 3890 = 4096
207 + 3889 = 4096
208 + 3888 = 4096
209 + 3887 = 4096
210 + 3886 = 4096
211 + 3885 = 4096
212 + 3884 = 4096
213 + 3883 = 4096
214 + 3882 = 4096
215 + 3881 = 4096
216 + 3880 = 4096
217 + 3879 = 4096
218 + 3878 = 4096
219 + 3877 = 4096
220 + 3876 = 4096
221 + 3875 = 4096
222 + 3874 = 4096
223 + 3873 = 4096
224 + 3872 = 4096
225 + 3871 = 4096
226 + 3870 = 4096
227 + 3869 = 4096
228 + 3868 = 4096
229 + 3867 = 4096
230 + 3866 = 4096
231 + 3865 = 4096
232 + 3864 = 4096
233 + 3863 = 4096
234 + 3862 = 4096
235 + 3861 = 4096
236 + 3860 = 4096
237 + 3859 = 4096
238 + 3858 = 4096
239 + 3857 = 4096
240 + 3856 = 4096
241 + 3855 = 4096
242 + 3854 = 4096
243 + 3853 = 4096
244 + 3852 = 4096
245 + 3851 = 4096
246 + 3850 = 4096
247 + 3849 = 4096
248 + 3848 = 4096
249 + 3847 = 4096
250 + 3846 = 4096
251 + 3845 = 4096
252 + 3844 = 4096
253 + 3843 = 4096
254 + 3842 = 4096
255 + 3841 = 4096
256 + 3840 = 4096
257 + 3839 = 4096
258 + 3838 = 4096
259 + 3837 = 4096
260 + 3836 = 4096
261 + 3835 = 4096
262 + 3834 = 4096
263 + 3833 = 4096
264 + 3832 = 4096
265 + 3831 = 4096
266 + 3830 = 4096
267 + 3829 = 4096
268 + 3828 = 4096
269 + 3827 = 4096
270 + 3826 = 4096
271 + 3825 = 4096
272 + 3824 = 4096
273 + 3823 = 4096
274 + 3822 = 4096
275 + 3821 = 4096
276 + 3820 = 4096
277 + 3819 = 4096
278 + 3818 = 4096
279 + 3817 = 4096
280 + 3816 = 4096
281 + 3815 = 4096
282 + 3814 = 4096
283 + 3813 = 4096
284 + 3812 = 4096
285 + 3811 = 4096
286 + 3810 = 4096
287 + 3809 = 4096
288 + 3808 = 4096
289 + 3807 = 4096
290 + 3806 = 4096
291 + 3805 = 4096
292 + 3804 = 4096
293 + 3803 = 4096
294 + 3802 = 4096
295 + 3801 = 4096
296 + 3800 = 4096
297 + 3799 = 4096
298 + 3798 = 4096
299 + 3797 = 4096
300 + 3796 = 4096
301 + 3795 = 4096
302 + 3794 = 4096
303 + 3793 = 4096
304 + 3792 = 4096
305 + 3791 = 4096
306 + 3790 = 4096
307 + 3789 = 4096
308 + 3788 = 4096
309 + 3787 = 4096
310 + 3786 = 4096
311 + 3785 = 4096
312 + 3784 = 4096
313 + 3783 = 4096
314 + 3782 = 4096
315 + 3781 = 4096
316 + 3780 = 4096
317 + 3779 = 4096
318 + 3778 = 4096
319 + 3777 = 4096
320 + 3776 = 4096
321 + 3775 = 4096
322 + 3774 = 4096
323 + 3773 = 4096
324 + 3772 = 4096
325 + 3771 = 4096
326 + 3770 = 4096
327 + 3769 = 4096
328 + 3768 = 4096
329 + 3767 = 4096
330 + 3766 = 4096
331 + 3765 = 4096
332 + 3764 = 4096
333 + 3763 = 4096
334 + 3762 = 4096
335 + 3761 = 4096
336 + 3760 = 4096
337 + 3759 = 4096
338 + 3758 = 4096
339 + 3757 = 4096
340 + 3756 = 4096
341 + 3755 = 4096
342 + 3754 = 4096
343 + 3753 = 4096
344 + 3752 = 4096
345 + 3751 = 4096
346 + 3750 = 4096
347 + 3749 = 4096
348 + 3748 = 4096
349 + 3747 = 4096
350 + 3746 = 4096
351 + 3745 = 4096
352 + 3744 = 4096
353 + 3743 = 4096
354 + 3742 = 4096
355 + 3741 = 4096
356 + 3740 = 4096
357 + 3739 = 4096
358 + 3738 = 4096
359 + 3737 = 4096
360 + 3736 = 4096
361 + 3735 = 4096
362 + 3734 = 4096
363 + 3733 = 4096
364 + 3732 = 4096
365 + 3731 = 4096
366 + 3730 = 4096
367 + 3729 = 4096
368 + 3728 = 4096
369 + 3727 = 4096
370 + 3726 = 4096
371 + 3725 = 4096
372 + 3724 = 4096
373 + 3723 = 4096
374 + 3722 = 4096
375 + 3721 = 4096
376 + 3720 = 4096
377 + 3719 = 4096
378 + 3718 = 4096
379 + 3717 = 4096
380 + 3716 = 4096
381 + 3715 = 4096
382 + 3714 = 4096
383 + 3713 = 4096
384 + 3712 = 4096
385 + 3711 = 4096
386 + 3710 = 4096
387 + 3709 = 4096
388 + 3708 = 4096
389 + 3707 = 4096
390 + 3706 = 4096
391 + 3705 = 4096
392 + 3704 = 4096
393 + 3703 = 4096
394 + 3702 = 4096
395 + 3701 = 4096
396 + 3700 = 4096
397 + 3699 = 4096
398 + 3698 = 4096
399 + 3697 = 4096
400 + 3696 = 4096
401 + 3695 = 4096
402 + 3694 = 4096
403 + 3693 = 4096
404 + 3692 = 4096
405 + 3691 = 4096
406 + 3690 = 4096
407 + 3689 = 4096
408 + 3688 = 4096
409 + 3687 = 4096
410 + 3686 = 4096
411 + 3685 = 4096
412 + 3684 = 4096
413 + 3683 = 4096
414 + 3682 = 4096
415 + 3681 = 4096
416 + 3680 = 4096
417 + 3679 = 4096
418 + 3678 = 4096
419 + 3677 = 4096
420 + 3676 = 4096
421 + 3675 = 4096
422 + 3674 = 4096
423 + 3673 = 4096
424 + 3672 = 4096
425 + 3671 = 4096
426 + 3670 = 4096
427 + 3669 = 4096
428 + 3668 = 4096
429 + 3667 = 4096
430 + 3666 = 4096
431 + 3665 = 4096
432 + 3664 = 4096
433 + 3663 = 4096
434 + 3662 = 4096
435 + 3661 = 4096
436 + 3660 = 4096
437 + 3659 = 4096
438 + 3658 = 4096
439 + 3657 = 4096
440 + 3656 = 4096
441 + 3655 = 4096
442 + 3654 = 4096
443 + 3653 = 4096
444 + 3652 = 4096
445 + 3651 = 4096
446 + 3650 = 4096
447 + 3649 = 4096
448 + 3648 = 4096
449 + 3647 = 4096
450 + 3646 = 4096
451 + 3645 = 4096
452 + 3644 = 4096
453 + 3643 = 4096
454 + 3642 = 4096
455 + 3641 = 4096
456 + 3640 = 4096
457 + 3639 = 4096
458 + 3638 = 4096
459 + 3637 = 4096
460 + 3636 = 4096
461 + 3635 = 4096
462 + 3634 = 4096
463 + 3633 = 4096
464 + 3632 = 4096
465 + 3631 = 4096
466 + 3630 = 4096
467 + 3629 = 4096
468 + 3628 = 4096
469 + 3627 = 4096
470 + 3626 = 4096
471 + 3625 = 4096
472 + 3624 = 4096
473 + 3623 = 4096
474 + 3622 = 4096
475 + 3621 = 4096
476 + 3620 = 4096
477 + 3619 = 4096
478 + 3618 = 4096
479 + 3617 = 4096
480 + 3616 = 4096
481 + 3615 = 4096
482 + 3614 = 4096
483 + 3613 = 4096
484 + 3612 = 4096
485 + 3611 = 4096
486 + 3610 = 4096
487 + 3609 = 4096
488 + 3608 = 4096
489 + 3607 = 4096
490 + 3606 = 4096
491 + 3605 = 4096
492 + 3604 = 4096
493 + 3603 = 4096
494 + 3602 = 4096
495 + 3601 = 4096
496 + 3600 = 4096
497 + 3599 = 4096
498 + 3598 = 4096
499 + 3597 = 4096
500 + 3596 = 4096
501 + 3595 = 4096
502 + 3594 = 4096
503 + 3593 = 4096
504 + 3592 = 4096
505 + 3591 = 4096
506 + 3590 = 4096
507 + 3589 = 4096
508 + 3588 = 4096
509 + 3587 = 4096
510 + 3586 = 4096
511 + 3585 = 4096
512 + 3584 = 4096
513 + 3583 = 4096
514 + 3582 = 4096
515 + 3581 = 4096
516 + 3580 = 4096
517 + 3579 = 4096
518 + 3578 = 4096
519 + 3577 = 4096
520 + 3576 = 4096
521 + 3575 = 4096
522 + 3574 = 4096
523 + 3573 = 4096
524 + 3572 = 4096
525 + 3571 = 4096
526 + 3570 = 4096
527 + 3569 = 4096
528 + 3568 = 4096
529 + 3567 = 4096
530 + 3566 = 4096
531 + 3565 = 4096
532 + 3564 = 4096
533 + 3563 = 4096
534 + 3562 = 4096
535 + 3561 = 4096
536 + 3560 = 4096
537 + 3559 = 4096
538 + 3558 = 4096
539 + 3557 = 4096
540 + 3556 = 4096
541 + 3555 = 4096
542 + 3554 = 4096
543 + 3553 = 4096
544 + 3552 = 4096
545 + 3551 = 4096
546 + 3550 = 4096
547 + 3549 = 4096
548 + 3548 = 4096
549 + 3547 = 4096
550 + 3546 = 4096
551 + 3545 = 4096
552 + 3544 = 4096
553 + 3543 = 4096
554 + 3542 = 4096
555 + 3541 = 4096
556 + 3540 = 4096
557 + 3539 = 4096
558 + 3538 = 4096
559 + 3537 = 4096
560 + 3536 = 4096
561 + 3535 = 4096
562 + 3534 = 4096
563 + 3533 = 4096
564 + 3532 = 4096
565 + 3531 = 4096
566 + 3530 = 4096
567 + 3529 = 4096
568 + 3528 = 4096
569 + 3527 = 4096
570 + 3526 = 4096
571 + 3525 = 4096
572 + 3524 = 4096
573 + 3523 = 4096
574 + 3522 = 4096
575 + 3521 = 4096
576 + 3520 = 4096
577 + 3519 = 4096
578 + 3518 = 4096
579 + 3517 = 4096
580 + 3516 = 4096
581 + 3515 = 4096
582 + 3514 = 4096
583 + 3513 = 4096
584 + 3512 = 4096
585 + 3511 = 4096
586 + 3510 = 4096
587 + 3509 = 4096
588 + 3508 = 4096
589 + 3507 = 4096
590 + 3506 = 4096
591 + 3505 = 4096
592 + 3504 = 4096
593 + 3503 = 4096
594 + 3502 = 4096
595 + 3501 = 4096
596 + 3500 = 4096
597 + 3499 = 4096
598 + 3498 = 4096
599 + 3497 = 4096
600 + 3496 = 4096
601 + 3495 = 4096
602 + 3494 = 4096
603 + 3493 = 4096
604 + 3492 = 4096
605 + 3491 = 4096
606 + 3490 = 4096
607 + 3489 = 4096
608 + 3488 = 4096
609 + 3487 = 4096
610 + 3486 = 4096
611 + 3485 = 4096
612 + 3484 = 4096
613 + 3483 = 4096
614 + 3482 = 4096
615 + 3481 = 4096
616 + 3480 = 4096
617 + 3479 = 4096
618 + 3478 = 4096
619 + 3477 = 4096
620 + 3476 = 4096
621 + 3475 = 4096
622 + 3474 = 4096
623 + 3473 = 4096
624 + 3472 = 4096
625 + 3471 = 4096
626 + 3470 = 4096
627 + 3469 = 4096
628 + 3468 = 4096
629 + 3467 = 4096
630 + 3466 = 4096
631 + 3465 = 4096
632 + 3464 = 4096
633 + 3463 = 4096
634 + 3462 = 4096
635 + 3461 = 4096
636 + 3460 = 4096
637 + 3459 = 4096
638 + 3458 = 4096
639 + 3457 = 4096
640 + 3456 = 4096
641 + 3455 = 4096
642 + 3454 = 4096
643 + 3453 = 4096
644 + 3452 = 4096
645 + 3451 = 4096
646 + 3450 = 4096
647 + 3449 = 4096
648 + 3448 = 4096
649 + 3447 = 4096
650 + 3446 = 4096
651 + 3445 = 4096
652 + 3444 = 4096
653 + 3443 = 4096
654 + 3442 = 4096
655 + 3441 = 4096
656 + 3440 = 4096
657 + 3439 = 4096
658 + 3438 = 4096
659 + 3437 = 4096
660 + 3436 = 4096
661 + 3435 = 4096
662 + 3434 = 4096
663 + 3433 = 4096
664 + 3432 = 4096
665 + 3431 = 4096
666 + 3430 = 4096
667 + 3429 = 4096
668 + 3428 = 4096
669 + 3427 = 4096
670 + 3426 = 4096
671 + 3425 = 4096
672 + 3424 = 4096
673 + 3423 = 4096
674 + 3422 = 4096
675 + 3421 = 4096
676 + 3420 = 4096
677 + 3419 = 4096
678 + 3418 = 4096
679 + 3417 = 4096
680 + 3416 = 4096
681 + 3415 = 4096
682 + 3414 = 4096
683 + 3413 = 4096
684 + 3412 = 4096
685 + 3411 = 4096
686 + 3410 = 4096
687 + 3409 = 4096
688 + 3408 = 4096
689 + 3407 = 4096
690 + 3406 = 4096
691 + 3405 = 4096
692 + 3404 = 4096
693 + 3403 = 4096
694 + 3402 = 4096
695 + 3401 = 4096
696 + 3400 = 4096
697 + 3399 = 4096
698 + 3398 = 4096
699 + 3397 = 4096
700 + 3396 = 4096
701 + 3395 = 4096
702 + 3394 = 4096
703 + 3393 = 4096
704 + 3392 = 4096
705 + 3391 = 4096
706 + 3390 = 4096
707 + 3389 = 4096
708 + 3388 = 4096
709 + 3387 = 4096
710 + 3386 = 4096
711 + 3385 = 4096
712 + 3384 = 4096
713 + 3383 = 4096
714 + 3382 = 4096
715 + 3381 = 4096
716 + 3380 = 4096
717 + 3379 = 4096
718 + 3378 = 4096
719 + 3377 = 4096
720 + 3376 = 4096
721 + 3375 = 4096
722 + 3374 = 4096
723 + 3373 = 4096
724 + 3372 = 4096
725 + 3371 = 4096
726 + 3370 = 4096
727 + 3369 = 4096
728 + 3368 = 4096
729 + 3367 = 4096
730 + 3366 = 4096
731 + 3365 = 4096
732 + 3364 = 4096
733 + 3363 = 4096
734 + 3362 = 4096
735 + 3361 = 4096
736 + 3360 = 4096
737 + 3359 = 4096
738 + 3358 = 4096
739 + 3357 = 4096
740 + 3356 = 4096
741 + 3355 = 4096
742 + 3354 = 4096
743 + 3353 = 4096
744 + 3352 = 4096
745 + 3351 = 4096
746 + 3350 = 4096
747 + 3349 = 4096
748 + 3348 = 4096
749 + 3347 = 4096
750 + 3346 = 4096
751 + 3345 = 4096
752 + 3344 = 4096
753 + 3343 = 4096
754 + 3342 = 4096
755 + 3341 = 4096
756 + 3340 = 4096
757 + 3339 = 4096
758 + 3338 = 4096
759 + 3337 = 4096
760 + 3336 = 4096
761 + 3335 = 4096
762 + 3334 = 4096
763 + 3333 = 4096
764 + 3332 = 4096
765 + 3331 = 4096
766 + 3330 = 4096
767 + 3329 = 4096
768 + 3328 = 4096
769 + 3327 = 4096
770 + 3326 = 4096
771 + 3325 = 4096
772 + 3324 = 4096
773 + 3323 = 4096
774 + 3322 = 4096
775 + 3321 = 4096
776 + 3320 = 4096
777 + 3319 = 4096
778 + 3318 = 4096
779 + 3317 = 4096
780 + 3316 = 4096
781 + 3315 = 4096
782 + 3314 = 4096
783 + 3313 = 4096
784 + 3312 = 4096
785 + 3311 = 4096
786 + 3310 = 4096
787 + 3309 = 4096
788 + 3308 = 4096
789 + 3307 = 4096
790 + 3306 = 4096
791 + 3305 = 4096
792 + 3304 = 4096
793 + 3303 = 4096
794 + 3302 = 4096
795 + 3301 = 4096
796 + 3300 = 4096
797 + 3299 = 4096
798 + 3298 = 4096
799 + 3297 = 4096
800 + 3296 = 4096
801 + 3295 = 4096
802 + 3294 = 4096
803 + 3293 = 4096
804 + 3292 = 4096
805 + 3291 = 4096
806 + 3290 = 4096
807 + 3289 = 4096
808 + 3288 = 4096
809 + 3287 = 4096
810 + 3286 = 4096
811 + 3285 = 4096
812 + 3284 = 4096
813 + 3283 = 4096
814 + 3282 = 4096
815 + 3281 = 4096
816 + 3280 = 4096
817 + 3279 = 4096
818 + 3278 = 4096
819 + 3277 = 4096
820 + 3276 = 4096
821 + 3275 = 4096
822 + 3274 = 4096
823 + 3273 = 4096
824 + 3272 = 4096
825 + 3271 = 4096
826 + 3270 = 4096
827 + 3269 = 4096
828 + 3268 = 4096
829 + 3267 = 4096
830 + 3266 = 4096
831 + 3265 = 4096
832 + 3264 = 4096
833 + 3263 = 4096
834 + 3262 = 4096
835 + 3261 = 4096
836 + 3260 = 4096
837 + 3259 = 4096
838 + 3258 = 4096
839 + 3257 = 4096
840 + 3256 = 4096
841 + 3255 = 4096
842 + 3254 = 4096
843 + 3253 = 4096
844 + 3252 = 4096
845 + 3251 = 4096
846 + 3250 = 4096
847 + 3249 = 4096
848 + 3248 = 4096
849 + 3247 = 4096
850 + 3246 = 4096
851 + 3245 = 4096
852 + 3244 = 4096
853 + 3243 = 4096
854 + 3242 = 4096
855 + 3241 = 4096
856 + 3240 = 4096
857 + 3239 = 4096
858 + 3238 = 4096
859 + 3237 = 4096
860 + 3236 = 4096
861 + 3235 = 4096
862 + 3234 = 4096
863 + 3233 = 4096
864 + 3232 = 4096
865 + 3231 = 4096
866 + 3230 = 4096
867 + 3229 = 4096
868 + 3228 = 4096
869 + 3227 = 4096
870 + 3226 = 4096
871 + 3225 = 4096
872 + 3224 = 4096
873 + 3223 = 4096
874 + 3222 = 4096
875 + 3221 = 4096
876 + 3220 = 4096
877 + 3219 = 4096
878 + 3218 = 4096
879 + 3217 = 4096
880 + 3216 = 4096
881 + 3215 = 4096
882 + 3214 = 4096
883 + 3213 = 4096
884 + 3212 = 4096
885 + 3211 = 4096
886 + 3210 = 4096
887 + 3209 = 4096
888 + 3208 = 4096
889 + 3207 = 4096
890 + 3206 = 4096
891 + 3205 = 4096
892 + 3204 = 4096
893 + 3203 = 4096
894 + 3202 = 4096
895 + 3201 = 4096
896 + 3200 = 4096
897 + 3199 = 4096
898 + 3198 = 4096
899 + 3197 = 4096
900 + 3196 = 4096
901 + 3195 = 4096
902 + 3194 = 4096
903 + 3193 = 4096
904 + 3192 = 4096
905 + 3191 = 4096
906 + 3190 = 4096
907 + 3189 = 4096
908 + 3188 = 4096
909 + 3187 = 4096
910 + 3186 = 4096
911 + 3185 = 4096
912 + 3184 = 4096
913 + 3183 = 4096
914 + 3182 = 4096
915 + 3181 = 4096
916 + 3180 = 4096
917 + 3179 = 4096
918 + 3178 = 4096
919 + 3177 = 4096
920 + 3176 = 4096
921 + 3175 = 4096
922 + 3174 = 4096
923 + 3173 = 4096
924 + 3172 = 4096
925 + 3171 = 4096
926 + 3170 = 4096
927 + 3169 = 4096
928 + 3168 = 4096
929 + 3167 = 4096
930 + 3166 = 4096
931 + 3165 = 4096
932 + 3164 = 4096
933 + 3163 = 4096
934 + 3162 = 4096
935 + 3161 = 4096
936 + 3160 = 4096
937 + 3159 = 4096
938 + 3158 = 4096
939 + 3157 = 4096
940 + 3156 = 4096
941 + 3155 = 4096
942 + 3154 = 4096
943 + 3153 = 4096
944 + 3152 = 4096
945 + 3151 = 4096
946 + 3150 = 4096
947 + 3149 = 4096
948 + 3148 = 4096
949 + 3147 = 4096
950 + 3146 = 4096
951 + 3145 = 4096
952 + 3144 = 4096
953 + 3143 = 4096
954 + 3142 = 4096
955 + 3141 = 4096
956 + 3140 = 4096
957 + 3139 = 4096
958 + 3138 = 4096
959 + 3137 = 4096
960 + 3136 = 4096
961 + 3135 = 4096
962 + 3134 = 4096
963 + 3133 = 4096
964 + 3132 = 4096
965 + 3131 = 4096
966 + 3130 = 4096
967 + 3129 = 4096
968 + 3128 = 4096
969 + 3127 = 4096
970 + 3126 = 4096
971 + 3125 = 4096
972 + 3124 = 4096
973 + 3123 = 4096
974 + 3122 = 4096
975 + 3121 = 4096
976 + 3120 = 4096
977 + 3119 = 4096
978 + 3118 = 4096
979 + 3117 = 4096
980 + 3116 = 4096
981 + 3115 = 4096
982 + 3114 = 4096
983 + 3113 = 4096
984 + 3112 = 4096
985 + 3111 = 4096
986 + 3110 = 4096
987 + 3109 = 4096
988 + 3108 = 4096
989 + 3107 = 4096
990 + 3106 = 4096
991 + 3105 = 4096
992 + 3104 = 4096
993 + 3103 = 4096
994 + 3102 = 4096
995 + 3101 = 4096
996 + 3100 = 4096
997 + 3099 = 4096
998 + 3098 = 4096
999 + 3097 = 4096
1000 + 3096 = 4096
1001 + 3095 = 4096
1002 + 3094 = 4096
1003 + 3093 = 4096
1004 + 3092 = 4096
1005 + 3091 = 4096
1006 + 3090 = 4096
1007 + 3089 = 4096
1008 + 3088 = 4096
1009 + 3087 = 4096
1010 + 3086 = 4096
1011 + 3085 = 4096
1012 + 3084 = 4096
1013 + 3083 = 4096
1014 + 3082 = 4096
1015 + 3081 = 4096
1016 + 3080 = 4096
1017 + 3079 = 4096
1018 + 3078 = 4096
1019 + 3077 = 4096
1020 + 3076 = 4096
1021 + 3075 = 4096
1022 + 3074 = 4096
1023 + 3073 = 4096
1024 + 3072 = 4096
1025 + 3071 = 4096
1026 + 3070 = 4096
1027 + 3069 = 4096
1028 + 3068 = 4096
1029 + 3067 = 4096
1030 + 3066 = 4096
1031 + 3065 = 4096
1032 + 3064 = 4096
1033 + 3063 = 4096
1034 + 3062 = 4096
1035 + 3061 = 4096
1036 + 3060 = 4096
1037 + 3059 = 4096
1038 + 3058 = 4096
1039 + 3057 = 4096
1040 + 3056 = 4096
1041 + 3055 = 4096
1042 + 3054 = 4096
1043 + 3053 = 4096
1044 + 3052 = 4096
1045 + 3051 = 4096
1046 + 3050 = 4096
1047 + 3049 = 4096
1048 + 3048 = 4096
1049 + 3047 = 4096
1050 + 3046 = 4096
1051 + 3045 = 4096
1052 + 3044 = 4096
1053 + 3043 = 4096
1054 + 3042 = 4096
1055 + 3041 = 4096
1056 + 3040 = 4096
1057 + 3039 = 4096
1058 + 3038 = 4096
1059 + 3037 = 4096
1060 + 3036 = 4096
1061 + 3035 = 4096
1062 + 3034 = 4096
1063 + 3033 = 4096
1064 + 3032 = 4096
1065 + 3031 = 4096
1066 + 3030 = 4096
1067 + 3029 = 4096
1068 + 3028 = 4096
1069 + 3027 = 4096
1070 + 3026 = 4096
1071 + 3025 = 4096
1072 + 3024 = 4096
1073 + 3023 = 4096
1074 + 3022 = 4096
1075 + 3021 = 4096
1076 + 3020 = 4096
1077 + 3019 = 4096
1078 + 3018 = 4096
1079 + 3017 = 4096
1080 + 3016 = 4096
1081 + 3015 = 4096
1082 + 3014 = 4096
1083 + 3013 = 4096
1084 + 3012 = 4096
1085 + 3011 = 4096
1086 + 3010 = 4096
1087 + 3009 = 4096
1088 + 3008 = 4096
1089 + 3007 = 4096
1090 + 3006 = 4096
1091 + 3005 = 4096
1092 + 3004 = 4096
1093 + 3003 = 4096
1094 + 3002 = 4096
1095 + 3001 = 4096
1096 + 3000 = 4096
1097 + 2999 = 4096
1098 + 2998 = 4096
1099 + 2997 = 4096
1100 + 2996 = 4096
1101 + 2995 = 4096
1102 + 2994 = 4096
1103 + 2993 = 4096
1104 + 2992 = 4096
1105 + 2991 = 4096
1106 + 2990 = 4096
1107 + 2989 = 4096
1108 + 2988 = 4096
1109 + 2987 = 4096
1110 + 2986 = 4096
1111 + 2985 = 4096
1112 + 2984 = 4096
1113 + 2983 = 4096
1114 + 2982 = 4096
1115 + 2981 = 4096
1116 + 2980 = 4096
1117 + 2979 = 4096
1118 + 2978 = 4096
1119 + 2977 = 4096
1120 + 2976 = 4096
1121 + 2975 = 4096
1122 + 2974 = 4096
1123 + 2973 = 4096
1124 + 2972 = 4096
1125 + 2971 = 4096
1126 + 2970 = 4096
1127 + 2969 = 4096
1128 + 2968 = 4096
1129 + 2967 = 4096
1130 + 2966 = 4096
1131 + 2965 = 4096
1132 + 2964 = 4096
1133 + 2963 = 4096
1134 + 2962 = 4096
1135 + 2961 = 4096
1136 + 2960 = 4096
1137 + 2959 = 4096
1138 + 2958 = 4096
1139 + 2957 = 4096
1140 + 2956 = 4096
1141 + 2955 = 4096
1142 + 2954 = 4096
1143 + 2953 = 4096
1144 + 2952 = 4096
1145 + 2951 = 4096
1146 + 2950 = 4096
1147 + 2949 = 4096
1148 + 2948 = 4096
1149 + 2947 = 4096
1150 + 2946 = 4096
1151 + 2945 = 4096
1152 + 2944 = 4096
1153 + 2943 = 4096
1154 + 2942 = 4096
1155 + 2941 = 4096
1156 + 2940 = 4096
1157 + 2939 = 4096
1158 + 2938 = 4096
1159 + 2937 = 4096
1160 + 2936 = 4096
1161 + 2935 = 4096
1162 + 2934 = 4096
1163 + 2933 = 4096
1164 + 2932 = 4096
1165 + 2931 = 4096
1166 + 2930 = 4096
1167 + 2929 = 4096
1168 + 2928 = 4096
1169 + 2927 = 4096
1170 + 2926 = 4096
1171 + 2925 = 4096
1172 + 2924 = 4096
1173 + 2923 = 4096
1174 + 2922 = 4096
1175 + 2921 = 4096
1176 + 2920 = 4096
1177 + 2919 = 4096
1178 + 2918 = 4096
1179 + 2917 = 4096
1180 + 2916 = 4096
1181 + 2915 = 4096
1182 + 2914 = 4096
1183 + 2913 = 4096
1184 + 2912 = 4096
1185 + 2911 = 4096
1186 + 2910 = 4096
1187 + 2909 = 4096
1188 + 2908 = 4096
1189 + 2907 = 4096
1190 + 2906 = 4096
1191 + 2905 = 4096
1192 + 2904 = 4096
1193 + 2903 = 4096
1194 + 2902 = 4096
1195 + 2901 = 4096
1196 + 2900 = 4096
1197 + 2899 = 4096
1198 + 2898 = 4096
1199 + 2897 = 4096
1200 + 2896 = 4096
1201 + 2895 = 4096
1202 + 2894 = 4096
1203 + 2893 = 4096
1204 + 2892 = 4096
1205 + 2891 = 4096
1206 + 2890 = 4096
1207 + 2889 = 4096
1208 + 2888 = 4096
1209 + 2887 = 4096
1210 + 2886 = 4096
1211 + 2885 = 4096
1212 + 2884 = 4096
1213 + 2883 = 4096
1214 + 2882 = 4096
1215 + 2881 = 4096
1216 + 2880 = 4096
1217 + 2879 = 4096
1218 + 2878 = 4096
1219 + 2877 = 4096
1220 + 2876 = 4096
1221 + 2875 = 4096
1222 + 2874 = 4096
1223 + 2873 = 4096
1224 + 2872 = 4096
1225 + 2871 = 4096
1226 + 2870 = 4096
1227 + 2869 = 4096
1228 + 2868 = 4096
1229 + 2867 = 4096
1230 + 2866 = 4096
1231 + 2865 = 4096
1232 + 2864 = 4096
1233 + 2863 = 4096
1234 + 2862 = 4096
1235 + 2861 = 4096
1236 + 2860 = 4096
1237 + 2859 = 4096
1238 + 2858 = 4096
1239 + 2857 = 4096
1240 + 2856 = 4096
1241 + 2855 = 4096
1242 + 2854 = 4096
1243 + 2853 = 4096
1244 + 2852 = 4096
1245 + 2851 = 4096
1246 + 2850 = 4096
1247 + 2849 = 4096
1248 + 2848 = 4096
1249 + 2847 = 4096
1250 + 2846 = 4096
1251 + 2845 = 4096
1252 + 2844 = 4096
1253 + 2843 = 4096
1254 + 2842 = 4096
1255 + 2841 = 4096
1256 + 2840 = 4096
1257 + 2839 = 4096
1258 + 2838 = 4096
1259 + 2837 = 4096
1260 + 2836 = 4096
1261 + 2835 = 4096
1262 + 2834 = 4096
1263 + 2833 = 4096
1264 + 2832 = 4096
1265 + 2831 = 4096
1266 + 2830 = 4096
1267 + 2829 = 4096
1268 + 2828 = 4096
1269 + 2827 = 4096
1270 + 2826 = 4096
1271 + 2825 = 4096
1272 + 2824 = 4096
1273 + 2823 = 4096
1274 + 2822 = 4096
1275 + 2821 = 4096
1276 + 2820 = 4096
1277 + 2819 = 4096
1278 + 2818 = 4096
1279 + 2817 = 4096
1280 + 2816 = 4096
1281 + 2815 = 4096
1282 + 2814 = 4096
1283 + 2813 = 4096
1284 + 2812 = 4096
1285 + 2811 = 4096
1286 + 2810 = 4096
1287 + 2809 = 4096
1288 + 2808 = 4096
1289 + 2807 = 4096
1290 + 2806 = 4096
1291 + 2805 = 4096
1292 + 2804 = 4096
1293 + 2803 = 4096
1294 + 2802 = 4096
1295 + 2801 = 4096
1296 + 2800 = 4096
1297 + 2799 = 4096
1298 + 2798 = 4096
1299 + 2797 = 4096
1300 + 2796 = 4096
1301 + 2795 = 4096
1302 + 2794 = 4096
1303 + 2793 = 4096
1304 + 2792 = 4096
1305 + 2791 = 4096
1306 + 2790 = 4096
1307 + 2789 = 4096
1308 + 2788 = 4096
1309 + 2787 = 4096
1310 + 2786 = 4096
1311 + 2785 = 4096
1312 + 2784 = 4096
1313 + 2783 = 4096
1314 + 2782 = 4096
1315 + 2781 = 4096
1316 + 2780 = 4096
1317 + 2779 = 4096
1318 + 2778 = 4096
1319 + 2777 = 4096
1320 + 2776 = 4096
1321 + 2775 = 4096
1322 + 2774 = 4096
1323 + 2773 = 4096
1324 + 2772 = 4096
1325 + 2771 = 4096
1326 + 2770 = 4096
1327 + 2769 = 4096
1328 + 2768 = 4096
1329 + 2767 = 4096
1330 + 2766 = 4096
1331 + 2765 = 4096
1332 + 2764 = 4096
1333 + 2763 = 4096
1334 + 2762 = 4096
1335 + 2761 = 4096
1336 + 2760 = 4096
1337 + 2759 = 4096
1338 + 2758 = 4096
1339 + 2757 = 4096
1340 + 2756 = 4096
1341 + 2755 = 4096
1342 + 2754 = 4096
1343 + 2753 = 4096
1344 + 2752 = 4096
1345 + 2751 = 4096
1346 + 2750 = 4096
1347 + 2749 = 4096
1348 + 2748 = 4096
1349 + 2747 = 4096
1350 + 2746 = 4096
1351 + 2745 = 4096
1352 + 2744 = 4096
1353 + 2743 = 4096
1354 + 2742 = 4096
1355 + 2741 = 4096
1356 + 2740 = 4096
1357 + 2739 = 4096
1358 + 2738 = 4096
1359 + 2737 = 4096
1360 + 2736 = 4096
1361 + 2735 = 4096
1362 + 2734 = 4096
1363 + 2733 = 4096
1364 + 2732 = 4096
1365 + 2731 = 4096
1366 + 2730 = 4096
1367 + 2729 = 4096
1368 + 2728 = 4096
1369 + 2727 = 4096
1370 + 2726 = 4096
1371 + 2725 = 4096
1372 + 2724 = 4096
1373 + 2723 = 4096
1374 + 2722 = 4096
1375 + 2721 = 4096
1376 + 2720 = 4096
1377 + 2719 = 4096
1378 + 2718 = 4096
1379 + 2717 = 4096
1380 + 2716 = 4096
1381 + 2715 = 4096
1382 + 2714 = 4096
1383 + 2713 = 4096
1384 + 2712 = 4096
1385 + 2711 = 4096
1386 + 2710 = 4096
1387 + 2709 = 4096
1388 + 2708 = 4096
1389 + 2707 = 4096
1390 + 2706 = 4096
1391 + 2705 = 4096
1392 + 2704 = 4096
1393 + 2703 = 4096
1394 + 2702 = 4096
1395 + 2701 = 4096
1396 + 2700 = 4096
1397 + 2699 = 4096
1398 + 2698 = 4096
1399 + 2697 = 4096
1400 + 2696 = 4096
1401 + 2695 = 4096
1402 + 2694 = 4096
1403 + 2693 = 4096
1404 + 2692 = 4096
1405 + 2691 = 4096
1406 + 2690 = 4096
1407 + 2689 = 4096
1408 + 2688 = 4096
1409 + 2687 = 4096
1410 + 2686 = 4096
1411 + 2685 = 4096
1412 + 2684 = 4096
1413 + 2683 = 4096
1414 + 2682 = 4096
1415 + 2681 = 4096
1416 + 2680 = 4096
1417 + 2679 = 4096
1418 + 2678 = 4096
1419 + 2677 = 4096
1420 + 2676 = 4096
1421 + 2675 = 4096
1422 + 2674 = 4096
1423 + 2673 = 4096
1424 + 2672 = 4096
1425 + 2671 = 4096
1426 + 2670 = 4096
1427 + 2669 = 4096
1428 + 2668 = 4096
1429 + 2667 = 4096
1430 + 2666 = 4096
1431 + 2665 = 4096
1432 + 2664 = 4096
1433 + 2663 = 4096
1434 + 2662 = 4096
1435 + 2661 = 4096
1436 + 2660 = 4096
1437 + 2659 = 4096
1438 + 2658 = 4096
1439 + 2657 = 4096
1440 + 2656 = 4096
1441 + 2655 = 4096
1442 + 2654 = 4096
1443 + 2653 = 4096
1444 + 2652 = 4096
1445 + 2651 = 4096
1446 + 2650 = 4096
1447 + 2649 = 4096
1448 + 2648 = 4096
1449 + 2647 = 4096
1450 + 2646 = 4096
1451 + 2645 = 4096
1452 + 2644 = 4096
1453 + 2643 = 4096
1454 + 2642 = 4096
1455 + 2641 = 4096
1456 + 2640 = 4096
1457 + 2639 = 4096
1458 + 2638 = 4096
1459 + 2637 = 4096
1460 + 2636 = 4096
1461 + 2635 = 4096
1462 + 2634 = 4096
1463 + 2633 = 4096
1464 + 2632 = 4096
1465 + 2631 = 4096
1466 + 2630 = 4096
1467 + 2629 = 4096
1468 + 2628 = 4096
1469 + 2627 = 4096
1470 + 2626 = 4096
1471 + 2625 = 4096
1472 + 2624 = 4096
1473 + 2623 = 4096
1474 + 2622 = 4096
1475 + 2621 = 4096
1476 + 2620 = 4096
1477 + 2619 = 4096
1478 + 2618 = 4096
1479 + 2617 = 4096
1480 + 2616 = 4096
1481 + 2615 = 4096
1482 + 2614 = 4096
1483 + 2613 = 4096
1484 + 2612 = 4096
1485 + 2611 = 4096
1486 + 2610 = 4096
1487 + 2609 = 4096
1488 + 2608 = 4096
1489 + 2607 = 4096
1490 + 2606 = 4096
1491 + 2605 = 4096
1492 + 2604 = 4096
1493 + 2603 = 4096
1494 + 2602 = 4096
1495 + 2601 = 4096
1496 + 2600 = 4096
1497 + 2599 = 4096
1498 + 2598 = 4096
1499 + 2597 = 4096
1500 + 2596 = 4096
1501 + 2595 = 4096
1502 + 2594 = 4096
1503 + 2593 = 4096
1504 + 2592 = 4096
1505 + 2591 = 4096
1506 + 2590 = 4096
1507 + 2589 = 4096
1508 + 2588 = 4096
1509 + 2587 = 4096
1510 + 2586 = 4096
1511 + 2585 = 4096
1512 + 2584 = 4096
1513 + 2583 = 4096
1514 + 2582 = 4096
1515 + 2581 = 4096
1516 + 2580 = 4096
1517 + 2579 = 4096
1518 + 2578 = 4096
1519 + 2577 = 4096
1520 + 2576 = 4096
1521 + 2575 = 4096
1522 + 2574 = 4096
1523 + 2573 = 4096
1524 + 2572 = 4096
1525 + 2571 = 4096
1526 + 2570 = 4096
1527 + 2569 = 4096
1528 + 2568 = 4096
1529 + 2567 = 4096
1530 + 2566 = 4096
1531 + 2565 = 4096
1532 + 2564 = 4096
1533 + 2563 = 4096
1534 + 2562 = 4096
1535 + 2561 = 4096
1536 + 2560 = 4096
1537 + 2559 = 4096
1538 + 2558 = 4096
1539 + 2557 = 4096
1540 + 2556 = 4096
1541 + 2555 = 4096
1542 + 2554 = 4096
1543 + 2553 = 4096
1544 + 2552 = 4096
1545 + 2551 = 4096
1546 + 2550 = 4096
1547 + 2549 = 4096
1548 + 2548 = 4096
1549 + 2547 = 4096
1550 + 2546 = 4096
1551 + 2545 = 4096
1552 + 2544 = 4096
1553 + 2543 = 4096
1554 + 2542 = 4096
1555 + 2541 = 4096
1556 + 2540 = 4096
1557 + 2539 = 4096
1558 + 2538 = 4096
1559 + 2537 = 4096
1560 + 2536 = 4096
1561 + 2535 = 4096
1562 + 2534 = 4096
1563 + 2533 = 4096
1564 + 2532 = 4096
1565 + 2531 = 4096
1566 + 2530 = 4096
1567 + 2529 = 4096
1568 + 2528 = 4096
1569 + 2527 = 4096
1570 + 2526 = 4096
1571 + 2525 = 4096
1572 + 2524 = 4096
1573 + 2523 = 4096
1574 + 2522 = 4096
1575 + 2521 = 4096
1576 + 2520 = 4096
1577 + 2519 = 4096
1578 + 2518 = 4096
1579 + 2517 = 4096
1580 + 2516 = 4096
1581 + 2515 = 4096
1582 + 2514 = 4096
1583 + 2513 = 4096
1584 + 2512 = 4096
1585 + 2511 = 4096
1586 + 2510 = 4096
1587 + 2509 = 4096
1588 + 2508 = 4096
1589 + 2507 = 4096
1590 + 2506 = 4096
1591 + 2505 = 4096
1592 + 2504 = 4096
1593 + 2503 = 4096
1594 + 2502 = 4096
1595 + 2501 = 4096
1596 + 2500 = 4096
1597 + 2499 = 4096
1598 + 2498 = 4096
1599 + 2497 = 4096
1600 + 2496 = 4096
1601 + 2495 = 4096
1602 + 2494 = 4096
1603 + 2493 = 4096
1604 + 2492 = 4096
1605 + 2491 = 4096
1606 + 2490 = 4096
1607 + 2489 = 4096
1608 + 2488 = 4096
1609 + 2487 = 4096
1610 + 2486 = 4096
1611 + 2485 = 4096
1612 + 2484 = 4096
1613 + 2483 = 4096
1614 + 2482 = 4096
1615 + 2481 = 4096
1616 + 2480 = 4096
1617 + 2479 = 4096
1618 + 2478 = 4096
1619 + 2477 = 4096
1620 + 2476 = 4096
1621 + 2475 = 4096
1622 + 2474 = 4096
1623 + 2473 = 4096
1624 + 2472 = 4096
1625 + 2471 = 4096
1626 + 2470 = 4096
1627 + 2469 = 4096
1628 + 2468 = 4096
1629 + 2467 = 4096
1630 + 2466 = 4096
1631 + 2465 = 4096
1632 + 2464 = 4096
1633 + 2463 = 4096
1634 + 2462 = 4096
1635 + 2461 = 4096
1636 + 2460 = 4096
1637 + 2459 = 4096
1638 + 2458 = 4096
1639 + 2457 = 4096
1640 + 2456 = 4096
1641 + 2455 = 4096
1642 + 2454 = 4096
1643 + 2453 = 4096
1644 + 2452 = 4096
1645 + 2451 = 4096
1646 + 2450 = 4096
1647 + 2449 = 4096
1648 + 2448 = 4096
1649 + 2447 = 4096
1650 + 2446 = 4096
1651 + 2445 = 4096
1652 + 2444 = 4096
1653 + 2443 = 4096
1654 + 2442 = 4096
1655 + 2441 = 4096
1656 + 2440 = 4096
1657 + 2439 = 4096
1658 + 2438 = 4096
1659 + 2437 = 4096
1660 + 2436 = 4096
1661 + 2435 = 4096
1662 + 2434 = 4096
1663 + 2433 = 4096
1664 + 2432 = 4096
1665 + 2431 = 4096
1666 + 2430 = 4096
1667 + 2429 = 4096
1668 + 2428 = 4096
1669 + 2427 = 4096
1670 + 2426 = 4096
1671 + 2425 = 4096
1672 + 2424 = 4096
1673 + 2423 = 4096
1674 + 2422 = 4096
1675 + 2421 = 4096
1676 + 2420 = 4096
1677 + 2419 = 4096
1678 + 2418 = 4096
1679 + 2417 = 4096
1680 + 2416 = 4096
1681 + 2415 = 4096
1682 + 2414 = 4096
1683 + 2413 = 4096
1684 + 2412 = 4096
1685 + 2411 = 4096
1686 + 2410 = 4096
1687 + 2409 = 4096
1688 + 2408 = 4096
1689 + 2407 = 4096
1690 + 2406 = 4096
1691 + 2405 = 4096
1692 + 2404 = 4096
1693 + 2403 = 4096
1694 + 2402 = 4096
1695 + 2401 = 4096
1696 + 2400 = 4096
1697 + 2399 = 4096
1698 + 2398 = 4096
1699 + 2397 = 4096
1700 + 2396 = 4096
1701 + 2395 = 4096
1702 + 2394 = 4096
1703 + 2393 = 4096
1704 + 2392 = 4096
1705 + 2391 = 4096
1706 + 2390 = 4096
1707 + 2389 = 4096
1708 + 2388 = 4096
1709 + 2387 = 4096
1710 + 2386 = 4096
1711 + 2385 = 4096
1712 + 2384 = 4096
1713 + 2383 = 4096
1714 + 2382 = 4096
1715 + 2381 = 4096
1716 + 2380 = 4096
1717 + 2379 = 4096
1718 + 2378 = 4096
1719 + 2377 = 4096
1720 + 2376 = 4096
1721 + 2375 = 4096
1722 + 2374 = 4096
1723 + 2373 = 4096
1724 + 2372 = 4096
1725 + 2371 = 4096
1726 + 2370 = 4096
1727 + 2369 = 4096
1728 + 2368 = 4096
1729 + 2367 = 4096
1730 + 2366 = 4096
1731 + 2365 = 4096
1732 + 2364 = 4096
1733 + 2363 = 4096
1734 + 2362 = 4096
1735 + 2361 = 4096
1736 + 2360 = 4096
1737 + 2359 = 4096
1738 + 2358 = 4096
1739 + 2357 = 4096
1740 + 2356 = 4096
1741 + 2355 = 4096
1742 + 2354 = 4096
1743 + 2353 = 4096
1744 + 2352 = 4096
1745 + 2351 = 4096
1746 + 2350 = 4096
1747 + 2349 = 4096
1748 + 2348 = 4096
1749 + 2347 = 4096
1750 + 2346 = 4096
1751 + 2345 = 4096
1752 + 2344 = 4096
1753 + 2343 = 4096
1754 + 2342 = 4096
1755 + 2341 = 4096
1756 + 2340 = 4096
1757 + 2339 = 4096
1758 + 2338 = 4096
1759 + 2337 = 4096
1760 + 2336 = 4096
1761 + 2335 = 4096
1762 + 2334 = 4096
1763 + 2333 = 4096
1764 + 2332 = 4096
1765 + 2331 = 4096
1766 + 2330 = 4096
1767 + 2329 = 4096
1768 + 2328 = 4096
1769 + 2327 = 4096
1770 + 2326 = 4096
1771 + 2325 = 4096
1772 + 2324 = 4096
1773 + 2323 = 4096
1774 + 2322 = 4096
1775 + 2321 = 4096
1776 + 2320 = 4096
1777 + 2319 = 4096
1778 + 2318 = 4096
1779 + 2317 = 4096
1780 + 2316 = 4096
1781 + 2315 = 4096
1782 + 2314 = 4096
1783 + 2313 = 4096
1784 + 2312 = 4096
1785 + 2311 = 4096
1786 + 2310 = 4096
1787 + 2309 = 4096
1788 + 2308 = 4096
1789 + 2307 = 4096
1790 + 2306 = 4096
1791 + 2305 = 4096
1792 + 2304 = 4096
1793 + 2303 = 4096
1794 + 2302 = 4096
1795 + 2301 = 4096
1796 + 2300 = 4096
1797 + 2299 = 4096
1798 + 2298 = 4096
1799 + 2297 = 4096
1800 + 2296 = 4096
1801 + 2295 = 4096
1802 + 2294 = 4096
1803 + 2293 = 4096
1804 + 2292 = 4096
1805 + 2291 = 4096
1806 + 2290 = 4096
1807 + 2289 = 4096
1808 + 2288 = 4096
1809 + 2287 = 4096
1810 + 2286 = 4096
1811 + 2285 = 4096
1812 + 2284 = 4096
1813 + 2283 = 4096
1814 + 2282 = 4096
1815 + 2281 = 4096
1816 + 2280 = 4096
1817 + 2279 = 4096
1818 + 2278 = 4096
1819 + 2277 = 4096
1820 + 2276 = 4096
1821 + 2275 = 4096
1822 + 2274 = 4096
1823 + 2273 = 4096
1824 + 2272 = 4096
1825 + 2271 = 4096
1826 + 2270 = 4096
1827 + 2269 = 4096
1828 + 2268 = 4096
1829 + 2267 = 4096
1830 + 2266 = 4096
1831 + 2265 = 4096
1832 + 2264 = 4096
1833 + 2263 = 4096
1834 + 2262 = 4096
1835 + 2261 = 4096
1836 + 2260 = 4096
1837 + 2259 = 4096
1838 + 2258 = 4096
1839 + 2257 = 4096
1840 + 2256 = 4096
1841 + 2255 = 4096
1842 + 2254 = 4096
1843 + 2253 = 4096
1844 + 2252 = 4096
1845 + 2251 = 4096
1846 + 2250 = 4096
1847 + 2249 = 4096
1848 + 2248 = 4096
1849 + 2247 = 4096
1850 + 2246 = 4096
1851 + 2245 = 4096
1852 + 2244 = 4096
1853 + 2243 = 4096
1854 + 2242 = 4096
1855 + 2241 = 4096
1856 + 2240 = 4096
1857 + 2239 = 4096
1858 + 2238 = 4096
1859 + 2237 = 4096
1860 + 2236 = 4096
1861 + 2235 = 4096
1862 + 2234 = 4096
1863 + 2233 = 4096
1864 + 2232 = 4096
1865 + 2231 = 4096
1866 + 2230 = 4096
1867 + 2229 = 4096
1868 + 2228 = 4096
1869 + 2227 = 4096
1870 + 2226 = 4096
1871 + 2225 = 4096
1872 + 2224 = 4096
1873 + 2223 = 4096
1874 + 2222 = 4096
1875 + 2221 = 4096
1876 + 2220 = 4096
1877 + 2219 = 4096
1878 + 2218 = 4096
1879 + 2217 = 4096
1880 + 2216 = 4096
1881 + 2215 = 4096
1882 + 2214 = 4096
1883 + 2213 = 4096
1884 + 2212 = 4096
1885 + 2211 = 4096
1886 + 2210 = 4096
1887 + 2209 = 4096
1888 + 2208 = 4096
1889 + 2207 = 4096
1890 + 2206 = 4096
1891 + 2205 = 4096
1892 + 2204 = 4096
1893 + 2203 = 4096
1894 + 2202 = 4096
1895 + 2201 = 4096
1896 + 2200 = 4096
1897 + 2199 = 4096
1898 + 2198 = 4096
1899 + 2197 = 4096
1900 + 2196 = 4096
1901 + 2195 = 4096
1902 + 2194 = 4096
1903 + 2193 = 4096
1904 + 2192 = 4096
1905 + 2191 = 4096
1906 + 2190 = 4096
1907 + 2189 = 4096
1908 + 2188 = 4096
1909 + 2187 = 4096
1910 + 2186 = 4096
1911 + 2185 = 4096
1912 + 2184 = 4096
1913 + 2183 = 4096
1914 + 2182 = 4096
1915 + 2181 = 4096
1916 + 2180 = 4096
1917 + 2179 = 4096
1918 + 2178 = 4096
1919 + 2177 = 4096
1920 + 2176 = 4096
1921 + 2175 = 4096
1922 + 2174 = 4096
1923 + 2173 = 4096
1924 + 2172 = 4096
1925 + 2171 = 4096
1926 + 2170 = 4096
1927 + 2169 = 4096
1928 + 2168 = 4096
1929 + 2167 = 4096
1930 + 2166 = 4096
1931 + 2165 = 4096
1932 + 2164 = 4096
1933 + 2163 = 4096
1934 + 2162 = 4096
1935 + 2161 = 4096
1936 + 2160 = 4096
1937 + 2159 = 4096
1938 + 2158 = 4096
1939 + 2157 = 4096
1940 + 2156 = 4096
1941 + 2155 = 4096
1942 + 2154 = 4096
1943 + 2153 = 4096
1944 + 2152 = 4096
1945 + 2151 = 4096
1946 + 2150 = 4096
1947 + 2149 = 4096
1948 + 2148 = 4096
1949 + 2147 = 4096
1950 + 2146 = 4096
1951 + 2145 = 4096
1952 + 2144 = 4096
1953 + 2143 = 4096
1954 + 2142 = 4096
1955 + 2141 = 4096
1956 + 2140 = 4096
1957 + 2139 = 4096
1958 + 2138 = 4096
1959 + 2137 = 4096
1960 + 2136 = 4096
1961 + 2135 = 4096
1962 + 2134 = 4096
1963 + 2133 = 4096
1964 + 2132 = 4096
1965 + 2131 = 4096
1966 + 2130 = 4096
1967 + 2129 = 4096
1968 + 2128 = 4096
1969 + 2127 = 4096
1970 + 2126 = 4096
1971 + 2125 = 4096
1972 + 2124 = 4096
1973 + 2123 = 4096
1974 + 2122 = 4096
1975 + 2121 = 4096
1976 + 2120 = 4096
1977 + 2119 = 4096
1978 + 2118 = 4096
1979 + 2117 = 4096
1980 + 2116 = 4096
1981 + 2115 = 4096
1982 + 2114 = 4096
1983 + 2113 = 4096
1984 + 2112 = 4096
1985 + 2111 = 4096
1986 + 2110 = 4096
1987 + 2109 = 4096
1988 + 2108 = 4096
1989 + 2107 = 4096
1990 + 2106 = 4096
1991 + 2105 = 4096
1992 + 2104 = 4096
1993 + 2103 = 4096
1994 + 2102 = 4096
1995 + 2101 = 4096
1996 + 2100 = 4096
1997 + 2099 = 4096
1998 + 2098 = 4096
1999 + 2097 = 4096
2000 + 2096 = 4096
2001 + 2095 = 4096
2002 + 2094 = 4096
2003 + 2093 = 4096
2004 + 2092 = 4096
2005 + 2091 = 4096
2006 + 2090 = 4096
2007 + 2089 = 4096
2008 + 2088 = 4096
2009 + 2087 = 4096
2010 + 2086 = 4096
2011 + 2085 = 4096
2012 + 2084 = 4096
2013 + 2083 = 4096
2014 + 2082 = 4096
2015 + 2081 = 4096
2016 + 2080 = 4096
2017 + 2079 = 4096
2018 + 2078 = 4096
2019 + 2077 = 4096
2020 + 2076 = 4096
2021 + 2075 = 4096
2022 + 2074 = 4096
2023 + 2073 = 4096
2024 + 2072 = 4096
2025 + 2071 = 4096
2026 + 2070 = 4096
2027 + 2069 = 4096
2028 + 2068 = 4096
2029 + 2067 = 4096
2030 + 2066 = 4096
2031 + 2065 = 4096
2032 + 2064 = 4096
2033 + 2063 = 4096
2034 + 2062 = 4096
2035 + 2061 = 4096
2036 + 2060 = 4096
2037 + 2059 = 4096
2038 + 2058 = 4096
2039 + 2057 = 4096
2040 + 2056 = 4096
2041 + 2055 = 4096
2042 + 2054 = 4096
2043 + 2053 = 4096
2044 + 2052 = 4096
2045 + 2051 = 4096
2046 + 2050 = 4096
2047 + 2049 = 4096
2048 + 2048 = 4096
2049 + 2047 = 4096
2050 + 2046 = 4096
2051 + 2045 = 4096
2052 + 2044 = 4096
2053 + 2043 = 4096
2054 + 2042 = 4096
2055 + 2041 = 4096
2056 + 2040 = 4096
2057 + 2039 = 4096
2058 + 2038 = 4096
2059 + 2037 = 4096
2060 + 2036 = 4096
2061 + 2035 = 4096
2062 + 2034 = 4096
2063 + 2033 = 4096
2064 + 2032 = 4096
2065 + 2031 = 4096
2066 + 2030 = 4096
2067 + 2029 = 4096
2068 + 2028 = 4096
2069 + 2027 = 4096
2070 + 2026 = 4096
2071 + 2025 = 4096
2072 + 2024 = 4096
2073 + 2023 = 4096
2074 + 2022 = 4096
2075 + 2021 = 4096
2076 + 2020 = 4096
2077 + 2019 = 4096
2078 + 2018 = 4096
2079 + 2017 = 4096
2080 + 2016 = 4096
2081 + 2015 = 4096
2082 + 2014 = 4096
2083 + 2013 = 4096
2084 + 2012 = 4096
2085 + 2011 = 4096
2086 + 2010 = 4096
2087 + 2009 = 4096
2088 + 2008 = 4096
2089 + 2007 = 4096
2090 + 2006 = 4096
2091 + 2005 = 4096
2092 + 2004 = 4096
2093 + 2003 = 4096
2094 + 2002 = 4096
2095 + 2001 = 4096
2096 + 2000 = 4096
2097 + 1999 = 4096
2098 + 1998 = 4096
2099 + 1997 = 4096
2100 + 1996 = 4096
2101 + 1995 = 4096
2102 + 1994 = 4096
2103 + 1993 = 4096
2104 + 1992 = 4096
2105 + 1991 = 4096
2106 + 1990 = 4096
2107 + 1989 = 4096
2108 + 1988 = 4096
2109 + 1987 = 4096
2110 + 1986 = 4096
2111 + 1985 = 4096
2112 + 1984 = 4096
2113 + 1983 = 4096
2114 + 1982 = 4096
2115 + 1981 = 4096
2116 + 1980 = 4096
2117 + 1979 = 4096
2118 + 1978 = 4096
2119 + 1977 = 4096
2120 + 1976 = 4096
2121 + 1975 = 4096
2122 + 1974 = 4096
2123 + 1973 = 4096
2124 + 1972 = 4096
2125 + 1971 = 4096
2126 + 1970 = 4096
2127 + 1969 = 4096
2128 + 1968 = 4096
2129 + 1967 = 4096
2130 + 1966 = 4096
2131 + 1965 = 4096
2132 + 1964 = 4096
2133 + 1963 = 4096
2134 + 1962 = 4096
2135 + 1961 = 4096
2136 + 1960 = 4096
2137 + 1959 = 4096
2138 + 1958 = 4096
2139 + 1957 = 4096
2140 + 1956 = 4096
2141 + 1955 = 4096
2142 + 1954 = 4096
2143 + 1953 = 4096
2144 + 1952 = 4096
2145 + 1951 = 4096
2146 + 1950 = 4096
2147 + 1949 = 4096
2148 + 1948 = 4096
2149 + 1947 = 4096
2150 + 1946 = 4096
2151 + 1945 = 4096
2152 + 1944 = 4096
2153 + 1943 = 4096
2154 + 1942 = 4096
2155 + 1941 = 4096
2156 + 1940 = 4096
2157 + 1939 = 4096
2158 + 1938 = 4096
2159 + 1937 = 4096
2160 + 1936 = 4096
2161 + 1935 = 4096
2162 + 1934 = 4096
2163 + 1933 = 4096
2164 + 1932 = 4096
2165 + 1931 = 4096
2166 + 1930 = 4096
2167 + 1929 = 4096
2168 + 1928 = 4096
2169 + 1927 = 4096
2170 + 1926 = 4096
2171 + 1925 = 4096
2172 + 1924 = 4096
2173 + 1923 = 4096
2174 + 1922 = 4096
2175 + 1921 = 4096
2176 + 1920 = 4096
2177 + 1919 = 4096
2178 + 1918 = 4096
2179 + 1917 = 4096
2180 + 1916 = 4096
2181 + 1915 = 4096
2182 + 1914 = 4096
2183 + 1913 = 4096
2184 + 1912 = 4096
2185 + 1911 = 4096
2186 + 1910 = 4096
2187 + 1909 = 4096
2188 + 1908 = 4096
2189 + 1907 = 4096
2190 + 1906 = 4096
2191 + 1905 = 4096
2192 + 1904 = 4096
2193 + 1903 = 4096
2194 + 1902 = 4096
2195 + 1901 = 4096
2196 + 1900 = 4096
2197 + 1899 = 4096
2198 + 1898 = 4096
2199 + 1897 = 4096
2200 + 1896 = 4096
2201 + 1895 = 4096
2202 + 1894 = 4096
2203 + 1893 = 4096
2204 + 1892 = 4096
2205 + 1891 = 4096
2206 + 1890 = 4096
2207 + 1889 = 4096
2208 + 1888 = 4096
2209 + 1887 = 4096
2210 + 1886 = 4096
2211 + 1885 = 4096
2212 + 1884 = 4096
2213 + 1883 = 4096
2214 + 1882 = 4096
2215 + 1881 = 4096
2216 + 1880 = 4096
2217 + 1879 = 4096
2218 + 1878 = 4096
2219 + 1877 = 4096
2220 + 1876 = 4096
2221 + 1875 = 4096
2222 + 1874 = 4096
2223 + 1873 = 4096
2224 + 1872 = 4096
2225 + 1871 = 4096
2226 + 1870 = 4096
2227 + 1869 = 4096
2228 + 1868 = 4096
2229 + 1867 = 4096
2230 + 1866 = 4096
2231 + 1865 = 4096
2232 + 1864 = 4096
2233 + 1863 = 4096
2234 + 1862 = 4096
2235 + 1861 = 4096
2236 + 1860 = 4096
2237 + 1859 = 4096
2238 + 1858 = 4096
2239 + 1857 = 4096
2240 + 1856 = 4096
2241 + 1855 = 4096
2242 + 1854 = 4096
2243 + 1853 = 4096
2244 + 1852 = 4096
2245 + 1851 = 4096
2246 + 1850 = 4096
2247 + 1849 = 4096
2248 + 1848 = 4096
2249 + 1847 = 4096
2250 + 1846 = 4096
2251 + 1845 = 4096
2252 + 1844 = 4096
2253 + 1843 = 4096
2254 + 1842 = 4096
2255 + 1841 = 4096
2256 + 1840 = 4096
2257 + 1839 = 4096
2258 + 1838 = 4096
2259 + 1837 = 4096
2260 + 1836 = 4096
2261 + 1835 = 4096
2262 + 1834 = 4096
2263 + 1833 = 4096
2264 + 1832 = 4096
2265 + 1831 = 4096
2266 + 1830 = 4096
2267 + 1829 = 4096
2268 + 1828 = 4096
2269 + 1827 = 4096
2270 + 1826 = 4096
2271 + 1825 = 4096
2272 + 1824 = 4096
2273 + 1823 = 4096
2274 + 1822 = 4096
2275 + 1821 = 4096
2276 + 1820 = 4096
2277 + 1819 = 4096
2278 + 1818 = 4096
2279 + 1817 = 4096
2280 + 1816 = 4096
2281 + 1815 = 4096
2282 + 1814 = 4096
2283 + 1813 = 4096
2284 + 1812 = 4096
2285 + 1811 = 4096
2286 + 1810 = 4096
2287 + 1809 = 4096
2288 + 1808 = 4096
2289 + 1807 = 4096
2290 + 1806 = 4096
2291 + 1805 = 4096
2292 + 1804 = 4096
2293 + 1803 = 4096
2294 + 1802 = 4096
2295 + 1801 = 4096
2296 + 1800 = 4096
2297 + 1799 = 4096
2298 + 1798 = 4096
2299 + 1797 = 4096
2300 + 1796 = 4096
2301 + 1795 = 4096
2302 + 1794 = 4096
2303 + 1793 = 4096
2304 + 1792 = 4096
2305 + 1791 = 4096
2306 + 1790 = 4096
2307 + 1789 = 4096
2308 + 1788 = 4096
2309 + 1787 = 4096
2310 + 1786 = 4096
2311 + 1785 = 4096
2312 + 1784 = 4096
2313 + 1783 = 4096
2314 + 1782 = 4096
2315 + 1781 = 4096
2316 + 1780 = 4096
2317 + 1779 = 4096
2318 + 1778 = 4096
2319 + 1777 = 4096
2320 + 1776 = 4096
2321 + 1775 = 4096
2322 + 1774 = 4096
2323 + 1773 = 4096
2324 + 1772 = 4096
2325 + 1771 = 4096
2326 + 1770 = 4096
2327 + 1769 = 4096
2328 + 1768 = 4096
2329 + 1767 = 4096
2330 + 1766 = 4096
2331 + 1765 = 4096
2332 + 1764 = 4096
2333 + 1763 = 4096
2334 + 1762 = 4096
2335 + 1761 = 4096
2336 + 1760 = 4096
2337 + 1759 = 4096
2338 + 1758 = 4096
2339 + 1757 = 4096
2340 + 1756 = 4096
2341 + 1755 = 4096
2342 + 1754 = 4096
2343 + 1753 = 4096
2344 + 1752 = 4096
2345 + 1751 = 4096
2346 + 1750 = 4096
2347 + 1749 = 4096
2348 + 1748 = 4096
2349 + 1747 = 4096
2350 + 1746 = 4096
2351 + 1745 = 4096
2352 + 1744 = 4096
2353 + 1743 = 4096
2354 + 1742 = 4096
2355 + 1741 = 4096
2356 + 1740 = 4096
2357 + 1739 = 4096
2358 + 1738 = 4096
2359 + 1737 = 4096
2360 + 1736 = 4096
2361 + 1735 = 4096
2362 + 1734 = 4096
2363 + 1733 = 4096
2364 + 1732 = 4096
2365 + 1731 = 4096
2366 + 1730 = 4096
2367 + 1729 = 4096
2368 + 1728 = 4096
2369 + 1727 = 4096
2370 + 1726 = 4096
2371 + 1725 = 4096
2372 + 1724 = 4096
2373 + 1723 = 4096
2374 + 1722 = 4096
2375 + 1721 = 4096
2376 + 1720 = 4096
2377 + 1719 = 4096
2378 + 1718 = 4096
2379 + 1717 = 4096
2380 + 1716 = 4096
2381 + 1715 = 4096
2382 + 1714 = 4096
2383 + 1713 = 4096
2384 + 1712 = 4096
2385 + 1711 = 4096
2386 + 1710 = 4096
2387 + 1709 = 4096
2388 + 1708 = 4096
2389 + 1707 = 4096
2390 + 1706 = 4096
2391 + 1705 = 4096
2392 + 1704 = 4096
2393 + 1703 = 4096
2394 + 1702 = 4096
2395 + 1701 = 4096
2396 + 1700 = 4096
2397 + 1699 = 4096
2398 + 1698 = 4096
2399 + 1697 = 4096
2400 + 1696 = 4096
2401 + 1695 = 4096
2402 + 1694 = 4096
2403 + 1693 = 4096
2404 + 1692 = 4096
2405 + 1691 = 4096
2406 + 1690 = 4096
2407 + 1689 = 4096
2408 + 1688 = 4096
2409 + 1687 = 4096
2410 + 1686 = 4096
2411 + 1685 = 4096
2412 + 1684 = 4096
2413 + 1683 = 4096
2414 + 1682 = 4096
2415 + 1681 = 4096
2416 + 1680 = 4096
2417 + 1679 = 4096
2418 + 1678 = 4096
2419 + 1677 = 4096
2420 + 1676 = 4096
2421 + 1675 = 4096
2422 + 1674 = 4096
2423 + 1673 = 4096
2424 + 1672 = 4096
2425 + 1671 = 4096
2426 + 1670 = 4096
2427 + 1669 = 4096
2428 + 1668 = 4096
2429 + 1667 = 4096
2430 + 1666 = 4096
2431 + 1665 = 4096
2432 + 1664 = 4096
2433 + 1663 = 4096
2434 + 1662 = 4096
2435 + 1661 = 4096
2436 + 1660 = 4096
2437 + 1659 = 4096
2438 + 1658 = 4096
2439 + 1657 = 4096
2440 + 1656 = 4096
2441 + 1655 = 4096
2442 + 1654 = 4096
2443 + 1653 = 4096
2444 + 1652 = 4096
2445 + 1651 = 4096
2446 + 1650 = 4096
2447 + 1649 = 4096
2448 + 1648 = 4096
2449 + 1647 = 4096
2450 + 1646 = 4096
2451 + 1645 = 4096
2452 + 1644 = 4096
2453 + 1643 = 4096
2454 + 1642 = 4096
2455 + 1641 = 4096
2456 + 1640 = 4096
2457 + 1639 = 4096
2458 + 1638 = 4096
2459 + 1637 = 4096
2460 + 1636 = 4096
2461 + 1635 = 4096
2462 + 1634 = 4096
2463 + 1633 = 4096
2464 + 1632 = 4096
2465 + 1631 = 4096
2466 + 1630 = 4096
2467 + 1629 = 4096
2468 + 1628 = 4096
2469 + 1627 = 4096
2470 + 1626 = 4096
2471 + 1625 = 4096
2472 + 1624 = 4096
2473 + 1623 = 4096
2474 + 1622 = 4096
2475 + 1621 = 4096
2476 + 1620 = 4096
2477 + 1619 = 4096
2478 + 1618 = 4096
2479 + 1617 = 4096
2480 + 1616 = 4096
2481 + 1615 = 4096
2482 + 1614 = 4096
2483 + 1613 = 4096
2484 + 1612 = 4096
2485 + 1611 = 4096
2486 + 1610 = 4096
2487 + 1609 = 4096
2488 + 1608 = 4096
2489 + 1607 = 4096
2490 + 1606 = 4096
2491 + 1605 = 4096
2492 + 1604 = 4096
2493 + 1603 = 4096
2494 + 1602 = 4096
2495 + 1601 = 4096
2496 + 1600 = 4096
2497 + 1599 = 4096
2498 + 1598 = 4096
2499 + 1597 = 4096
2500 + 1596 = 4096
2501 + 1595 = 4096
2502 + 1594 = 4096
2503 + 1593 = 4096
2504 + 1592 = 4096
2505 + 1591 = 4096
2506 + 1590 = 4096
2507 + 1589 = 4096
2508 + 1588 = 4096
2509 + 1587 = 4096
2510 + 1586 = 4096
2511 + 1585 = 4096
2512 + 1584 = 4096
2513 + 1583 = 4096
2514 + 1582 = 4096
2515 + 1581 = 4096
2516 + 1580 = 4096
2517 + 1579 = 4096
2518 + 1578 = 4096
2519 + 1577 = 4096
2520 + 1576 = 4096
2521 + 1575 = 4096
2522 + 1574 = 4096
2523 + 1573 = 4096
2524 + 1572 = 4096
2525 + 1571 = 4096
2526 + 1570 = 4096
2527 + 1569 = 4096
2528 + 1568 = 4096
2529 + 1567 = 4096
2530 + 1566 = 4096
2531 + 1565 = 4096
2532 + 1564 = 4096
2533 + 1563 = 4096
2534 + 1562 = 4096
2535 + 1561 = 4096
2536 + 1560 = 4096
2537 + 1559 = 4096
2538 + 1558 = 4096
2539 + 1557 = 4096
2540 + 1556 = 4096
2541 + 1555 = 4096
2542 + 1554 = 4096
2543 + 1553 = 4096
2544 + 1552 = 4096
2545 + 1551 = 4096
2546 + 1550 = 4096
2547 + 1549 = 4096
2548 + 1548 = 4096
2549 + 1547 = 4096
2550 + 1546 = 4096
2551 + 1545 = 4096
2552 + 1544 = 4096
2553 + 1543 = 4096
2554 + 1542 = 4096
2555 + 1541 = 4096
2556 + 1540 = 4096
2557 + 1539 = 4096
2558 + 1538 = 4096
2559 + 1537 = 4096
2560 + 1536 = 4096
2561 + 1535 = 4096
2562 + 1534 = 4096
2563 + 1533 = 4096
2564 + 1532 = 4096
2565 + 1531 = 4096
2566 + 1530 = 4096
2567 + 1529 = 4096
2568 + 1528 = 4096
2569 + 1527 = 4096
2570 + 1526 = 4096
2571 + 1525 = 4096
2572 + 1524 = 4096
2573 + 1523 = 4096
2574 + 1522 = 4096
2575 + 1521 = 4096
2576 + 1520 = 4096
2577 + 1519 = 4096
2578 + 1518 = 4096
2579 + 1517 = 4096
2580 + 1516 = 4096
2581 + 1515 = 4096
2582 + 1514 = 4096
2583 + 1513 = 4096
2584 + 1512 = 4096
2585 + 1511 = 4096
2586 + 1510 = 4096
2587 + 1509 = 4096
2588 + 1508 = 4096
2589 + 1507 = 4096
2590 + 1506 = 4096
2591 + 1505 = 4096
2592 + 1504 = 4096
2593 + 1503 = 4096
2594 + 1502 = 4096
2595 + 1501 = 4096
2596 + 1500 = 4096
2597 + 1499 = 4096
2598 + 1498 = 4096
2599 + 1497 = 4096
2600 + 1496 = 4096
2601 + 1495 = 4096
2602 + 1494 = 4096
2603 + 1493 = 4096
2604 + 1492 = 4096
2605 + 1491 = 4096
2606 + 1490 = 4096
2607 + 1489 = 4096
2608 + 1488 = 4096
2609 + 1487 = 4096
2610 + 1486 = 4096
2611 + 1485 = 4096
2612 + 1484 = 4096
2613 + 1483 = 4096
2614 + 1482 = 4096
2615 + 1481 = 4096
2616 + 1480 = 4096
2617 + 1479 = 4096
2618 + 1478 = 4096
2619 + 1477 = 4096
2620 + 1476 = 4096
2621 + 1475 = 4096
2622 + 1474 = 4096
2623 + 1473 = 4096
2624 + 1472 = 4096
2625 + 1471 = 4096
2626 + 1470 = 4096
2627 + 1469 = 4096
2628 + 1468 = 4096
2629 + 1467 = 4096
2630 + 1466 = 4096
2631 + 1465 = 4096
2632 + 1464 = 4096
2633 + 1463 = 4096
2634 + 1462 = 4096
2635 + 1461 = 4096
2636 + 1460 = 4096
2637 + 1459 = 4096
2638 + 1458 = 4096
2639 + 1457 = 4096
2640 + 1456 = 4096
2641 + 1455 = 4096
2642 + 1454 = 4096
2643 + 1453 = 4096
2644 + 1452 = 4096
2645 + 1451 = 4096
2646 + 1450 = 4096
2647 + 1449 = 4096
2648 + 1448 = 4096
2649 + 1447 = 4096
2650 + 1446 = 4096
2651 + 1445 = 4096
2652 + 1444 = 4096
2653 + 1443 = 4096
2654 + 1442 = 4096
2655 + 1441 = 4096
2656 + 1440 = 4096
2657 + 1439 = 4096
2658 + 1438 = 4096
2659 + 1437 = 4096
2660 + 1436 = 4096
2661 + 1435 = 4096
2662 + 1434 = 4096
2663 + 1433 = 4096
2664 + 1432 = 4096
2665 + 1431 = 4096
2666 + 1430 = 4096
2667 + 1429 = 4096
2668 + 1428 = 4096
2669 + 1427 = 4096
2670 + 1426 = 4096
2671 + 1425 = 4096
2672 + 1424 = 4096
2673 + 1423 = 4096
2674 + 1422 = 4096
2675 + 1421 = 4096
2676 + 1420 = 4096
2677 + 1419 = 4096
2678 + 1418 = 4096
2679 + 1417 = 4096
2680 + 1416 = 4096
2681 + 1415 = 4096
2682 + 1414 = 4096
2683 + 1413 = 4096
2684 + 1412 = 4096
2685 + 1411 = 4096
2686 + 1410 = 4096
2687 + 1409 = 4096
2688 + 1408 = 4096
2689 + 1407 = 4096
2690 + 1406 = 4096
2691 + 1405 = 4096
2692 + 1404 = 4096
2693 + 1403 = 4096
2694 + 1402 = 4096
2695 + 1401 = 4096
2696 + 1400 = 4096
2697 + 1399 = 4096
2698 + 1398 = 4096
2699 + 1397 = 4096
2700 + 1396 = 4096
2701 + 1395 = 4096
2702 + 1394 = 4096
2703 + 1393 = 4096
2704 + 1392 = 4096
2705 + 1391 = 4096
2706 + 1390 = 4096
2707 + 1389 = 4096
2708 + 1388 = 4096
2709 + 1387 = 4096
2710 + 1386 = 4096
2711 + 1385 = 4096
2712 + 1384 = 4096
2713 + 1383 = 4096
2714 + 1382 = 4096
2715 + 1381 = 4096
2716 + 1380 = 4096
2717 + 1379 = 4096
2718 + 1378 = 4096
2719 + 1377 = 4096
2720 + 1376 = 4096
2721 + 1375 = 4096
2722 + 1374 = 4096
2723 + 1373 = 4096
2724 + 1372 = 4096
2725 + 1371 = 4096
2726 + 1370 = 4096
2727 + 1369 = 4096
2728 + 1368 = 4096
2729 + 1367 = 4096
2730 + 1366 = 4096
2731 + 1365 = 4096
2732 + 1364 = 4096
2733 + 1363 = 4096
2734 + 1362 = 4096
2735 + 1361 = 4096
2736 + 1360 = 4096
2737 + 1359 = 4096
2738 + 1358 = 4096
2739 + 1357 = 4096
2740 + 1356 = 4096
2741 + 1355 = 4096
2742 + 1354 = 4096
2743 + 1353 = 4096
2744 + 1352 = 4096
2745 + 1351 = 4096
2746 + 1350 = 4096
2747 + 1349 = 4096
2748 + 1348 = 4096
2749 + 1347 = 4096
2750 + 1346 = 4096
2751 + 1345 = 4096
2752 + 1344 = 4096
2753 + 1343 = 4096
2754 + 1342 = 4096
2755 + 1341 = 4096
2756 + 1340 = 4096
2757 + 1339 = 4096
2758 + 1338 = 4096
2759 + 1337 = 4096
2760 + 1336 = 4096
2761 + 1335 = 4096
2762 + 1334 = 4096
2763 + 1333 = 4096
2764 + 1332 = 4096
2765 + 1331 = 4096
2766 + 1330 = 4096
2767 + 1329 = 4096
2768 + 1328 = 4096
2769 + 1327 = 4096
2770 + 1326 = 4096
2771 + 1325 = 4096
2772 + 1324 = 4096
2773 + 1323 = 4096
2774 + 1322 = 4096
2775 + 1321 = 4096
2776 + 1320 = 4096
2777 + 1319 = 4096
2778 + 1318 = 4096
2779 + 1317 = 4096
2780 + 1316 = 4096
2781 + 1315 = 4096
2782 + 1314 = 4096
2783 + 1313 = 4096
2784 + 1312 = 4096
2785 + 1311 = 4096
2786 + 1310 = 4096
2787 + 1309 = 4096
2788 + 1308 = 4096
2789 + 1307 = 4096
2790 + 1306 = 4096
2791 + 1305 = 4096
2792 + 1304 = 4096
2793 + 1303 = 4096
2794 + 1302 = 4096
2795 + 1301 = 4096
2796 + 1300 = 4096
2797 + 1299 = 4096
2798 + 1298 = 4096
2799 + 1297 = 4096
2800 + 1296 = 4096
2801 + 1295 = 4096
2802 + 1294 = 4096
2803 + 1293 = 4096
2804 + 1292 = 4096
2805 + 1291 = 4096
2806 + 1290 = 4096
2807 + 1289 = 4096
2808 + 1288 = 4096
2809 + 1287 = 4096
2810 + 1286 = 4096
2811 + 1285 = 4096
2812 + 1284 = 4096
2813 + 1283 = 4096
2814 + 1282 = 4096
2815 + 1281 = 4096
2816 + 1280 = 4096
2817 + 1279 = 4096
2818 + 1278 = 4096
2819 + 1277 = 4096
2820 + 1276 = 4096
2821 + 1275 = 4096
2822 + 1274 = 4096
2823 + 1273 = 4096
2824 + 1272 = 4096
2825 + 1271 = 4096
2826 + 1270 = 4096
2827 + 1269 = 4096
2828 + 1268 = 4096
2829 + 1267 = 4096
2830 + 1266 = 4096
2831 + 1265 = 4096
2832 + 1264 = 4096
2833 + 1263 = 4096
2834 + 1262 = 4096
2835 + 1261 = 4096
2836 + 1260 = 4096
2837 + 1259 = 4096
2838 + 1258 = 4096
2839 + 1257 = 4096
2840 + 1256 = 4096
2841 + 1255 = 4096
2842 + 1254 = 4096
2843 + 1253 = 4096
2844 + 1252 = 4096
2845 + 1251 = 4096
2846 + 1250 = 4096
2847 + 1249 = 4096
2848 + 1248 = 4096
2849 + 1247 = 4096
2850 + 1246 = 4096
2851 + 1245 = 4096
2852 + 1244 = 4096
2853 + 1243 = 4096
2854 + 1242 = 4096
2855 + 1241 = 4096
2856 + 1240 = 4096
2857 + 1239 = 4096
2858 + 1238 = 4096
2859 + 1237 = 4096
2860 + 1236 = 4096
2861 + 1235 = 4096
2862 + 1234 = 4096
2863 + 1233 = 4096
2864 + 1232 = 4096
2865 + 1231 = 4096
2866 + 1230 = 4096
2867 + 1229 = 4096
2868 + 1228 = 4096
2869 + 1227 = 4096
2870 + 1226 = 4096
2871 + 1225 = 4096
2872 + 1224 = 4096
2873 + 1223 = 4096
2874 + 1222 = 4096
2875 + 1221 = 4096
2876 + 1220 = 4096
2877 + 1219 = 4096
2878 + 1218 = 4096
2879 + 1217 = 4096
2880 + 1216 = 4096
2881 + 1215 = 4096
2882 + 1214 = 4096
2883 + 1213 = 4096
2884 + 1212 = 4096
2885 + 1211 = 4096
2886 + 1210 = 4096
2887 + 1209 = 4096
2888 + 1208 = 4096
2889 + 1207 = 4096
2890 + 1206 = 4096
2891 + 1205 = 4096
2892 + 1204 = 4096
2893 + 1203 = 4096
2894 + 1202 = 4096
2895 + 1201 = 4096
2896 + 1200 = 4096
2897 + 1199 = 4096
2898 + 1198 = 4096
2899 + 1197 = 4096
2900 + 1196 = 4096
2901 + 1195 = 4096
2902 + 1194 = 4096
2903 + 1193 = 4096
2904 + 1192 = 4096
2905 + 1191 = 4096
2906 + 1190 = 4096
2907 + 1189 = 4096
2908 + 1188 = 4096
2909 + 1187 = 4096
2910 + 1186 = 4096
2911 + 1185 = 4096
2912 + 1184 = 4096
2913 + 1183 = 4096
2914 + 1182 = 4096
2915 + 1181 = 4096
2916 + 1180 = 4096
2917 + 1179 = 4096
2918 + 1178 = 4096
2919 + 1177 = 4096
2920 + 1176 = 4096
2921 + 1175 = 4096
2922 + 1174 = 4096
2923 + 1173 = 4096
2924 + 1172 = 4096
2925 + 1171 = 4096
2926 + 1170 = 4096
2927 + 1169 = 4096
2928 + 1168 = 4096
2929 + 1167 = 4096
2930 + 1166 = 4096
2931 + 1165 = 4096
2932 + 1164 = 4096
2933 + 1163 = 4096
2934 + 1162 = 4096
2935 + 1161 = 4096
2936 + 1160 = 4096
2937 + 1159 = 4096
2938 + 1158 = 4096
2939 + 1157 = 4096
2940 + 1156 = 4096
2941 + 1155 = 4096
2942 + 1154 = 4096
2943 + 1153 = 4096
2944 + 1152 = 4096
2945 + 1151 = 4096
2946 + 1150 = 4096
2947 + 1149 = 4096
2948 + 1148 = 4096
2949 + 1147 = 4096
2950 + 1146 = 4096
2951 + 1145 = 4096
2952 + 1144 = 4096
2953 + 1143 = 4096
2954 + 1142 = 4096
2955 + 1141 = 4096
2956 + 1140 = 4096
2957 + 1139 = 4096
2958 + 1138 = 4096
2959 + 1137 = 4096
2960 + 1136 = 4096
2961 + 1135 = 4096
2962 + 1134 = 4096
2963 + 1133 = 4096
2964 + 1132 = 4096
2965 + 1131 = 4096
2966 + 1130 = 4096
2967 + 1129 = 4096
2968 + 1128 = 4096
2969 + 1127 = 4096
2970 + 1126 = 4096
2971 + 1125 = 4096
2972 + 1124 = 4096
2973 + 1123 = 4096
2974 + 1122 = 4096
2975 + 1121 = 4096
2976 + 1120 = 4096
2977 + 1119 = 4096
2978 + 1118 = 4096
2979 + 1117 = 4096
2980 + 1116 = 4096
2981 + 1115 = 4096
2982 + 1114 = 4096
2983 + 1113 = 4096
2984 + 1112 = 4096
2985 + 1111 = 4096
2986 + 1110 = 4096
2987 + 1109 = 4096
2988 + 1108 = 4096
2989 + 1107 = 4096
2990 + 1106 = 4096
2991 + 1105 = 4096
2992 + 1104 = 4096
2993 + 1103 = 4096
2994 + 1102 = 4096
2995 + 1101 = 4096
2996 + 1100 = 4096
2997 + 1099 = 4096
2998 + 1098 = 4096
2999 + 1097 = 4096
3000 + 1096 = 4096
3001 + 1095 = 4096
3002 + 1094 = 4096
3003 + 1093 = 4096
3004 + 1092 = 4096
3005 + 1091 = 4096
3006 + 1090 = 4096
3007 + 1089 = 4096
3008 + 1088 = 4096
3009 + 1087 = 4096
3010 + 1086 = 4096
3011 + 1085 = 4096
3012 + 1084 = 4096
3013 + 1083 = 4096
3014 + 1082 = 4096
3015 + 1081 = 4096
3016 + 1080 = 4096
3017 + 1079 = 4096
3018 + 1078 = 4096
3019 + 1077 = 4096
3020 + 1076 = 4096
3021 + 1075 = 4096
3022 + 1074 = 4096
3023 + 1073 = 4096
3024 + 1072 = 4096
3025 + 1071 = 4096
3026 + 1070 = 4096
3027 + 1069 = 4096
3028 + 1068 = 4096
3029 + 1067 = 4096
3030 + 1066 = 4096
3031 + 1065 = 4096
3032 + 1064 = 4096
3033 + 1063 = 4096
3034 + 1062 = 4096
3035 + 1061 = 4096
3036 + 1060 = 4096
3037 + 1059 = 4096
3038 + 1058 = 4096
3039 + 1057 = 4096
3040 + 1056 = 4096
3041 + 1055 = 4096
3042 + 1054 = 4096
3043 + 1053 = 4096
3044 + 1052 = 4096
3045 + 1051 = 4096
3046 + 1050 = 4096
3047 + 1049 = 4096
3048 + 1048 = 4096
3049 + 1047 = 4096
3050 + 1046 = 4096
3051 + 1045 = 4096
3052 + 1044 = 4096
3053 + 1043 = 4096
3054 + 1042 = 4096
3055 + 1041 = 4096
3056 + 1040 = 4096
3057 + 1039 = 4096
3058 + 1038 = 4096
3059 + 1037 = 4096
3060 + 1036 = 4096
3061 + 1035 = 4096
3062 + 1034 = 4096
3063 + 1033 = 4096
3064 + 1032 = 4096
3065 + 1031 = 4096
3066 + 1030 = 4096
3067 + 1029 = 4096
3068 + 1028 = 4096
3069 + 1027 = 4096
3070 + 1026 = 4096
3071 + 1025 = 4096
3072 + 1024 = 4096
3073 + 1023 = 4096
3074 + 1022 = 4096
3075 + 1021 = 4096
3076 + 1020 = 4096
3077 + 1019 = 4096
3078 + 1018 = 4096
3079 + 1017 = 4096
3080 + 1016 = 4096
3081 + 1015 = 4096
3082 + 1014 = 4096
3083 + 1013 = 4096
3084 + 1012 = 4096
3085 + 1011 = 4096
3086 + 1010 = 4096
3087 + 1009 = 4096
3088 + 1008 = 4096
3089 + 1007 = 4096
3090 + 1006 = 4096
3091 + 1005 = 4096
3092 + 1004 = 4096
3093 + 1003 = 4096
3094 + 1002 = 4096
3095 + 1001 = 4096
3096 + 1000 = 4096
3097 + 999 = 4096
3098 + 998 = 4096
3099 + 997 = 4096
3100 + 996 = 4096
3101 + 995 = 4096
3102 + 994 = 4096
3103 + 993 = 4096
3104 + 992 = 4096
3105 + 991 = 4096
3106 + 990 = 4096
3107 + 989 = 4096
3108 + 988 = 4096
3109 + 987 = 4096
3110 + 986 = 4096
3111 + 985 = 4096
3112 + 984 = 4096
3113 + 983 = 4096
3114 + 982 = 4096
3115 + 981 = 4096
3116 + 980 = 4096
3117 + 979 = 4096
3118 + 978 = 4096
3119 + 977 = 4096
3120 + 976 = 4096
3121 + 975 = 4096
3122 + 974 = 4096
3123 + 973 = 4096
3124 + 972 = 4096
3125 + 971 = 4096
3126 + 970 = 4096
3127 + 969 = 4096
3128 + 968 = 4096
3129 + 967 = 4096
3130 + 966 = 4096
3131 + 965 = 4096
3132 + 964 = 4096
3133 + 963 = 4096
3134 + 962 = 4096
3135 + 961 = 4096
3136 + 960 = 4096
3137 + 959 = 4096
3138 + 958 = 4096
3139 + 957 = 4096
3140 + 956 = 4096
3141 + 955 = 4096
3142 + 954 = 4096
3143 + 953 = 4096
3144 + 952 = 4096
3145 + 951 = 4096
3146 + 950 = 4096
3147 + 949 = 4096
3148 + 948 = 4096
3149 + 947 = 4096
3150 + 946 = 4096
3151 + 945 = 4096
3152 + 944 = 4096
3153 + 943 = 4096
3154 + 942 = 4096
3155 + 941 = 4096
3156 + 940 = 4096
3157 + 939 = 4096
3158 + 938 = 4096
3159 + 937 = 4096
3160 + 936 = 4096
3161 + 935 = 4096
3162 + 934 = 4096
3163 + 933 = 4096
3164 + 932 = 4096
3165 + 931 = 4096
3166 + 930 = 4096
3167 + 929 = 4096
3168 + 928 = 4096
3169 + 927 = 4096
3170 + 926 = 4096
3171 + 925 = 4096
3172 + 924 = 4096
3173 + 923 = 4096
3174 + 922 = 4096
3175 + 921 = 4096
3176 + 920 = 4096
3177 + 919 = 4096
3178 + 918 = 4096
3179 + 917 = 4096
3180 + 916 = 4096
3181 + 915 = 4096
3182 + 914 = 4096
3183 + 913 = 4096
3184 + 912 = 4096
3185 + 911 = 4096
3186 + 910 = 4096
3187 + 909 = 4096
3188 + 908 = 4096
3189 + 907 = 4096
3190 + 906 = 4096
3191 + 905 = 4096
3192 + 904 = 4096
3193 + 903 = 4096
3194 + 902 = 4096
3195 + 901 = 4096
3196 + 900 = 4096
3197 + 899 = 4096
3198 + 898 = 4096
3199 + 897 = 4096
3200 + 896 = 4096
3201 + 895 = 4096
3202 + 894 = 4096
3203 + 893 = 4096
3204 + 892 = 4096
3205 + 891 = 4096
3206 + 890 = 4096
3207 + 889 = 4096
3208 + 888 = 4096
3209 + 887 = 4096
3210 + 886 = 4096
3211 + 885 = 4096
3212 + 884 = 4096
3213 + 883 = 4096
3214 + 882 = 4096
3215 + 881 = 4096
3216 + 880 = 4096
3217 + 879 = 4096
3218 + 878 = 4096
3219 + 877 = 4096
3220 + 876 = 4096
3221 + 875 = 4096
3222 + 874 = 4096
3223 + 873 = 4096
3224 + 872 = 4096
3225 + 871 = 4096
3226 + 870 = 4096
3227 + 869 = 4096
3228 + 868 = 4096
3229 + 867 = 4096
3230 + 866 = 4096
3231 + 865 = 4096
3232 + 864 = 4096
3233 + 863 = 4096
3234 + 862 = 4096
3235 + 861 = 4096
3236 + 860 = 4096
3237 + 859 = 4096
3238 + 858 = 4096
3239 + 857 = 4096
3240 + 856 = 4096
3241 + 855 = 4096
3242 + 854 = 4096
3243 + 853 = 4096
3244 + 852 = 4096
3245 + 851 = 4096
3246 + 850 = 4096
3247 + 849 = 4096
3248 + 848 = 4096
3249 + 847 = 4096
3250 + 846 = 4096
3251 + 845 = 4096
3252 + 844 = 4096
3253 + 843 = 4096
3254 + 842 = 4096
3255 + 841 = 4096
3256 + 840 = 4096
3257 + 839 = 4096
3258 + 838 = 4096
3259 + 837 = 4096
3260 + 836 = 4096
3261 + 835 = 4096
3262 + 834 = 4096
3263 + 833 = 4096
3264 + 832 = 4096
3265 + 831 = 4096
3266 + 830 = 4096
3267 + 829 = 4096
3268 + 828 = 4096
3269 + 827 = 4096
3270 + 826 = 4096
3271 + 825 = 4096
3272 + 824 = 4096
3273 + 823 = 4096
3274 + 822 = 4096
3275 + 821 = 4096
3276 + 820 = 4096
3277 + 819 = 4096
3278 + 818 = 4096
3279 + 817 = 4096
3280 + 816 = 4096
3281 + 815 = 4096
3282 + 814 = 4096
3283 + 813 = 4096
3284 + 812 = 4096
3285 + 811 = 4096
3286 + 810 = 4096
3287 + 809 = 4096
3288 + 808 = 4096
3289 + 807 = 4096
3290 + 806 = 4096
3291 + 805 = 4096
3292 + 804 = 4096
3293 + 803 = 4096
3294 + 802 = 4096
3295 + 801 = 4096
3296 + 800 = 4096
3297 + 799 = 4096
3298 + 798 = 4096
3299 + 797 = 4096
3300 + 796 = 4096
3301 + 795 = 4096
3302 + 794 = 4096
3303 + 793 = 4096
3304 + 792 = 4096
3305 + 791 = 4096
3306 + 790 = 4096
3307 + 789 = 4096
3308 + 788 = 4096
3309 + 787 = 4096
3310 + 786 = 4096
3311 + 785 = 4096
3312 + 784 = 4096
3313 + 783 = 4096
3314 + 782 = 4096
3315 + 781 = 4096
3316 + 780 = 4096
3317 + 779 = 4096
3318 + 778 = 4096
3319 + 777 = 4096
3320 + 776 = 4096
3321 + 775 = 4096
3322 + 774 = 4096
3323 + 773 = 4096
3324 + 772 = 4096
3325 + 771 = 4096
3326 + 770 = 4096
3327 + 769 = 4096
3328 + 768 = 4096
3329 + 767 = 4096
3330 + 766 = 4096
3331 + 765 = 4096
3332 + 764 = 4096
3333 + 763 = 4096
3334 + 762 = 4096
3335 + 761 = 4096
3336 + 760 = 4096
3337 + 759 = 4096
3338 + 758 = 4096
3339 + 757 = 4096
3340 + 756 = 4096
3341 + 755 = 4096
3342 + 754 = 4096
3343 + 753 = 4096
3344 + 752 = 4096
3345 + 751 = 4096
3346 + 750 = 4096
3347 + 749 = 4096
3348 + 748 = 4096
3349 + 747 = 4096
3350 + 746 = 4096
3351 + 745 = 4096
3352 + 744 = 4096
3353 + 743 = 4096
3354 + 742 = 4096
3355 + 741 = 4096
3356 + 740 = 4096
3357 + 739 = 4096
3358 + 738 = 4096
3359 + 737 = 4096
3360 + 736 = 4096
3361 + 735 = 4096
3362 + 734 = 4096
3363 + 733 = 4096
3364 + 732 = 4096
3365 + 731 = 4096
3366 + 730 = 4096
3367 + 729 = 4096
3368 + 728 = 4096
3369 + 727 = 4096
3370 + 726 = 4096
3371 + 725 = 4096
3372 + 724 = 4096
3373 + 723 = 4096
3374 + 722 = 4096
3375 + 721 = 4096
3376 + 720 = 4096
3377 + 719 = 4096
3378 + 718 = 4096
3379 + 717 = 4096
3380 + 716 = 4096
3381 + 715 = 4096
3382 + 714 = 4096
3383 + 713 = 4096
3384 + 712 = 4096
3385 + 711 = 4096
3386 + 710 = 4096
3387 + 709 = 4096
3388 + 708 = 4096
3389 + 707 = 4096
3390 + 706 = 4096
3391 + 705 = 4096
3392 + 704 = 4096
3393 + 703 = 4096
3394 + 702 = 4096
3395 + 701 = 4096
3396 + 700 = 4096
3397 + 699 = 4096
3398 + 698 = 4096
3399 + 697 = 4096
3400 + 696 = 4096
3401 + 695 = 4096
3402 + 694 = 4096
3403 + 693 = 4096
3404 + 692 = 4096
3405 + 691 = 4096
3406 + 690 = 4096
3407 + 689 = 4096
3408 + 688 = 4096
3409 + 687 = 4096
3410 + 686 = 4096
3411 + 685 = 4096
3412 + 684 = 4096
3413 + 683 = 4096
3414 + 682 = 4096
3415 + 681 = 4096
3416 + 680 = 4096
3417 + 679 = 4096
3418 + 678 = 4096
3419 + 677 = 4096
3420 + 676 = 4096
3421 + 675 = 4096
3422 + 674 = 4096
3423 + 673 = 4096
3424 + 672 = 4096
3425 + 671 = 4096
3426 + 670 = 4096
3427 + 669 = 4096
3428 + 668 = 4096
3429 + 667 = 4096
3430 + 666 = 4096
3431 + 665 = 4096
3432 + 664 = 4096
3433 + 663 = 4096
3434 + 662 = 4096
3435 + 661 = 4096
3436 + 660 = 4096
3437 + 659 = 4096
3438 + 658 = 4096
3439 + 657 = 4096
3440 + 656 = 4096
3441 + 655 = 4096
3442 + 654 = 4096
3443 + 653 = 4096
3444 + 652 = 4096
3445 + 651 = 4096
3446 + 650 = 4096
3447 + 649 = 4096
3448 + 648 = 4096
3449 + 647 = 4096
3450 + 646 = 4096
3451 + 645 = 4096
3452 + 644 = 4096
3453 + 643 = 4096
3454 + 642 = 4096
3455 + 641 = 4096
3456 + 640 = 4096
3457 + 639 = 4096
3458 + 638 = 4096
3459 + 637 = 4096
3460 + 636 = 4096
3461 + 635 = 4096
3462 + 634 = 4096
3463 + 633 = 4096
3464 + 632 = 4096
3465 + 631 = 4096
3466 + 630 = 4096
3467 + 629 = 4096
3468 + 628 = 4096
3469 + 627 = 4096
3470 + 626 = 4096
3471 + 625 = 4096
3472 + 624 = 4096
3473 + 623 = 4096
3474 + 622 = 4096
3475 + 621 = 4096
3476 + 620 = 4096
3477 + 619 = 4096
3478 + 618 = 4096
3479 + 617 = 4096
3480 + 616 = 4096
3481 + 615 = 4096
3482 + 614 = 4096
3483 + 613 = 4096
3484 + 612 = 4096
3485 + 611 = 4096
3486 + 610 = 4096
3487 + 609 = 4096
3488 + 608 = 4096
3489 + 607 = 4096
3490 + 606 = 4096
3491 + 605 = 4096
3492 + 604 = 4096
3493 + 603 = 4096
3494 + 602 = 4096
3495 + 601 = 4096
3496 + 600 = 4096
3497 + 599 = 4096
3498 + 598 = 4096
3499 + 597 = 4096
3500 + 596 = 4096
3501 + 595 = 4096
3502 + 594 = 4096
3503 + 593 = 4096
3504 + 592 = 4096
3505 + 591 = 4096
3506 + 590 = 4096
3507 + 589 = 4096
3508 + 588 = 4096
3509 + 587 = 4096
3510 + 586 = 4096
3511 + 585 = 4096
3512 + 584 = 4096
3513 + 583 = 4096
3514 + 582 = 4096
3515 + 581 = 4096
3516 + 580 = 4096
3517 + 579 = 4096
3518 + 578 = 4096
3519 + 577 = 4096
3520 + 576 = 4096
3521 + 575 = 4096
3522 + 574 = 4096
3523 + 573 = 4096
3524 + 572 = 4096
3525 + 571 = 4096
3526 + 570 = 4096
3527 + 569 = 4096
3528 + 568 = 4096
3529 + 567 = 4096
3530 + 566 = 4096
3531 + 565 = 4096
3532 + 564 = 4096
3533 + 563 = 4096
3534 + 562 = 4096
3535 + 561 = 4096
3536 + 560 = 4096
3537 + 559 = 4096
3538 + 558 = 4096
3539 + 557 = 4096
3540 + 556 = 4096
3541 + 555 = 4096
3542 + 554 = 4096
3543 + 553 = 4096
3544 + 552 = 4096
3545 + 551 = 4096
3546 + 550 = 4096
3547 + 549 = 4096
3548 + 548 = 4096
3549 + 547 = 4096
3550 + 546 = 4096
3551 + 545 = 4096
3552 + 544 = 4096
3553 + 543 = 4096
3554 + 542 = 4096
3555 + 541 = 4096
3556 + 540 = 4096
3557 + 539 = 4096
3558 + 538 = 4096
3559 + 537 = 4096
3560 + 536 = 4096
3561 + 535 = 4096
3562 + 534 = 4096
3563 + 533 = 4096
3564 + 532 = 4096
3565 + 531 = 4096
3566 + 530 = 4096
3567 + 529 = 4096
3568 + 528 = 4096
3569 + 527 = 4096
3570 + 526 = 4096
3571 + 525 = 4096
3572 + 524 = 4096
3573 + 523 = 4096
3574 + 522 = 4096
3575 + 521 = 4096
3576 + 520 = 4096
3577 + 519 = 4096
3578 + 518 = 4096
3579 + 517 = 4096
3580 + 516 = 4096
3581 + 515 = 4096
3582 + 514 = 4096
3583 + 513 = 4096
3584 + 512 = 4096
3585 + 511 = 4096
3586 + 510 = 4096
3587 + 509 = 4096
3588 + 508 = 4096
3589 + 507 = 4096
3590 + 506 = 4096
3591 + 505 = 4096
3592 + 504 = 4096
3593 + 503 = 4096
3594 + 502 = 4096
3595 + 501 = 4096
3596 + 500 = 4096
3597 + 499 = 4096
3598 + 498 = 4096
3599 + 497 = 4096
3600 + 496 = 4096
3601 + 495 = 4096
3602 + 494 = 4096
3603 + 493 = 4096
3604 + 492 = 4096
3605 + 491 = 4096
3606 + 490 = 4096
3607 + 489 = 4096
3608 + 488 = 4096
3609 + 487 = 4096
3610 + 486 = 4096
3611 + 485 = 4096
3612 + 484 = 4096
3613 + 483 = 4096
3614 + 482 = 4096
3615 + 481 = 4096
3616 + 480 = 4096
3617 + 479 = 4096
3618 + 478 = 4096
3619 + 477 = 4096
3620 + 476 = 4096
3621 + 475 = 4096
3622 + 474 = 4096
3623 + 473 = 4096
3624 + 472 = 4096
3625 + 471 = 4096
3626 + 470 = 4096
3627 + 469 = 4096
3628 + 468 = 4096
3629 + 467 = 4096
3630 + 466 = 4096
3631 + 465 = 4096
3632 + 464 = 4096
3633 + 463 = 4096
3634 + 462 = 4096
3635 + 461 = 4096
3636 + 460 = 4096
3637 + 459 = 4096
3638 + 458 = 4096
3639 + 457 = 4096
3640 + 456 = 4096
3641 + 455 = 4096
3642 + 454 = 4096
3643 + 453 = 4096
3644 + 452 = 4096
3645 + 451 = 4096
3646 + 450 = 4096
3647 + 449 = 4096
3648 + 448 = 4096
3649 + 447 = 4096
3650 + 446 = 4096
3651 + 445 = 4096
3652 + 444 = 4096
3653 + 443 = 4096
3654 + 442 = 4096
3655 + 441 = 4096
3656 + 440 = 4096
3657 + 439 = 4096
3658 + 438 = 4096
3659 + 437 = 4096
3660 + 436 = 4096
3661 + 435 = 4096
3662 + 434 = 4096
3663 + 433 = 4096
3664 + 432 = 4096
3665 + 431 = 4096
3666 + 430 = 4096
3667 + 429 = 4096
3668 + 428 = 4096
3669 + 427 = 4096
3670 + 426 = 4096
3671 + 425 = 4096
3672 + 424 = 4096
3673 + 423 = 4096
3674 + 422 = 4096
3675 + 421 = 4096
3676 + 420 = 4096
3677 + 419 = 4096
3678 + 418 = 4096
3679 + 417 = 4096
3680 + 416 = 4096
3681 + 415 = 4096
3682 + 414 = 4096
3683 + 413 = 4096
3684 + 412 = 4096
3685 + 411 = 4096
3686 + 410 = 4096
3687 + 409 = 4096
3688 + 408 = 4096
3689 + 407 = 4096
3690 + 406 = 4096
3691 + 405 = 4096
3692 + 404 = 4096
3693 + 403 = 4096
3694 + 402 = 4096
3695 + 401 = 4096
3696 + 400 = 4096
3697 + 399 = 4096
3698 + 398 = 4096
3699 + 397 = 4096
3700 + 396 = 4096
3701 + 395 = 4096
3702 + 394 = 4096
3703 + 393 = 4096
3704 + 392 = 4096
3705 + 391 = 4096
3706 + 390 = 4096
3707 + 389 = 4096
3708 + 388 = 4096
3709 + 387 = 4096
3710 + 386 = 4096
3711 + 385 = 4096
3712 + 384 = 4096
3713 + 383 = 4096
3714 + 382 = 4096
3715 + 381 = 4096
3716 + 380 = 4096
3717 + 379 = 4096
3718 + 378 = 4096
3719 + 377 = 4096
3720 + 376 = 4096
3721 + 375 = 4096
3722 + 374 = 4096
3723 + 373 = 4096
3724 + 372 = 4096
3725 + 371 = 4096
3726 + 370 = 4096
3727 + 369 = 4096
3728 + 368 = 4096
3729 + 367 = 4096
3730 + 366 = 4096
3731 + 365 = 4096
3732 + 364 = 4096
3733 + 363 = 4096
3734 + 362 = 4096
3735 + 361 = 4096
3736 + 360 = 4096
3737 + 359 = 4096
3738 + 358 = 4096
3739 + 357 = 4096
3740 + 356 = 4096
3741 + 355 = 4096
3742 + 354 = 4096
3743 + 353 = 4096
3744 + 352 = 4096
3745 + 351 = 4096
3746 + 350 = 4096
3747 + 349 = 4096
3748 + 348 = 4096
3749 + 347 = 4096
3750 + 346 = 4096
3751 + 345 = 4096
3752 + 344 = 4096
3753 + 343 = 4096
3754 + 342 = 4096
3755 + 341 = 4096
3756 + 340 = 4096
3757 + 339 = 4096
3758 + 338 = 4096
3759 + 337 = 4096
3760 + 336 = 4096
3761 + 335 = 4096
3762 + 334 = 4096
3763 + 333 = 4096
3764 + 332 = 4096
3765 + 331 = 4096
3766 + 330 = 4096
3767 + 329 = 4096
3768 + 328 = 4096
3769 + 327 = 4096
3770 + 326 = 4096
3771 + 325 = 4096
3772 + 324 = 4096
3773 + 323 = 4096
3774 + 322 = 4096
3775 + 321 = 4096
3776 + 320 = 4096
3777 + 319 = 4096
3778 + 318 = 4096
3779 + 317 = 4096
3780 + 316 = 4096
3781 + 315 = 4096
3782 + 314 = 4096
3783 + 313 = 4096
3784 + 312 = 4096
3785 + 311 = 4096
3786 + 310 = 4096
3787 + 309 = 4096
3788 + 308 = 4096
3789 + 307 = 4096
3790 + 306 = 4096
3791 + 305 = 4096
3792 + 304 = 4096
3793 + 303 = 4096
3794 + 302 = 4096
3795 + 301 = 4096
3796 + 300 = 4096
3797 + 299 = 4096
3798 + 298 = 4096
3799 + 297 = 4096
3800 + 296 = 4096
3801 + 295 = 4096
3802 + 294 = 4096
3803 + 293 = 4096
3804 + 292 = 4096
3805 + 291 = 4096
3806 + 290 = 4096
3807 + 289 = 4096
3808 + 288 = 4096
3809 + 287 = 4096
3810 + 286 = 4096
3811 + 285 = 4096
3812 + 284 = 4096
3813 + 283 = 4096
3814 + 282 = 4096
3815 + 281 = 4096
3816 + 280 = 4096
3817 + 279 = 4096
3818 + 278 = 4096
3819 + 277 = 4096
3820 + 276 = 4096
3821 + 275 = 4096
3822 + 274 = 4096
3823 + 273 = 4096
3824 + 272 = 4096
3825 + 271 = 4096
3826 + 270 = 4096
3827 + 269 = 4096
3828 + 268 = 4096
3829 + 267 = 4096
3830 + 266 = 4096
3831 + 265 = 4096
3832 + 264 = 4096
3833 + 263 = 4096
3834 + 262 = 4096
3835 + 261 = 4096
3836 + 260 = 4096
3837 + 259 = 4096
3838 + 258 = 4096
3839 + 257 = 4096
3840 + 256 = 4096
3841 + 255 = 4096
3842 + 254 = 4096
3843 + 253 = 4096
3844 + 252 = 4096
3845 + 251 = 4096
3846 + 250 = 4096
3847 + 249 = 4096
3848 + 248 = 4096
3849 + 247 = 4096
3850 + 246 = 4096
3851 + 245 = 4096
3852 + 244 = 4096
3853 + 243 = 4096
3854 + 242 = 4096
3855 + 241 = 4096
3856 + 240 = 4096
3857 + 239 = 4096
3858 + 238 = 4096
3859 + 237 = 4096
3860 + 236 = 4096
3861 + 235 = 4096
3862 + 234 = 4096
3863 + 233 = 4096
3864 + 232 = 4096
3865 + 231 = 4096
3866 + 230 = 4096
3867 + 229 = 4096
3868 + 228 = 4096
3869 + 227 = 4096
3870 + 226 = 4096
3871 + 225 = 4096
3872 + 224 = 4096
3873 + 223 = 4096
3874 + 222 = 4096
3875 + 221 = 4096
3876 + 220 = 4096
3877 + 219 = 4096
3878 + 218 = 4096
3879 + 217 = 4096
3880 + 216 = 4096
3881 + 215 = 4096
3882 + 214 = 4096
3883 + 213 = 4096
3884 + 212 = 4096
3885 + 211 = 4096
3886 + 210 = 4096
3887 + 209 = 4096
3888 + 208 = 4096
3889 + 207 = 4096
3890 + 206 = 4096
3891 + 205 = 4096
3892 + 204 = 4096
3893 + 203 = 4096
3894 + 202 = 4096
3895 + 201 = 4096
3896 + 200 = 4096
3897 + 199 = 4096
3898 + 198 = 4096
3899 + 197 = 4096
3900 + 196 = 4096
3901 + 195 = 4096
3902 + 194 = 4096
3903 + 193 = 4096
3904 + 192 = 4096
3905 + 191 = 4096
3906 + 190 = 4096
3907 + 189 = 4096
3908 + 188 = 4096
3909 + 187 = 4096
3910 + 186 = 4096
3911 + 185 = 4096
3912 + 184 = 4096
3913 + 183 = 4096
3914 + 182 = 4096
3915 + 181 = 4096
3916 + 180 = 4096
3917 + 179 = 4096
3918 + 178 = 4096
3919 + 177 = 4096
3920 + 176 = 4096
3921 + 175 = 4096
3922 + 174 = 4096
3923 + 173 = 4096
3924 + 172 = 4096
3925 + 171 = 4096
3926 + 170 = 4096
3927 + 169 = 4096
3928 + 168 = 4096
3929 + 167 = 4096
3930 + 166 = 4096
3931 + 165 = 4096
3932 + 164 = 4096
3933 + 163 = 4096
3934 + 162 = 4096
3935 + 161 = 4096
3936 + 160 = 4096
3937 + 159 = 4096
3938 + 158 = 4096
3939 + 157 = 4096
3940 + 156 = 4096
3941 + 155 = 4096
3942 + 154 = 4096
3943 + 153 = 4096
3944 + 152 = 4096
3945 + 151 = 4096
3946 + 150 = 4096
3947 + 149 = 4096
3948 + 148 = 4096
3949 + 147 = 4096
3950 + 146 = 4096
3951 + 145 = 4096
3952 + 144 = 4096
3953 + 143 = 4096
3954 + 142 = 4096
3955 + 141 = 4096
3956 + 140 = 4096
3957 + 139 = 4096
3958 + 138 = 4096
3959 + 137 = 4096
3960 + 136 = 4096
3961 + 135 = 4096
3962 + 134 = 4096
3963 + 133 = 4096
3964 + 132 = 4096
3965 + 131 = 4096
3966 + 130 = 4096
3967 + 129 = 4096
3968 + 128 = 4096
3969 + 127 = 4096
3970 + 126 = 4096
3971 + 125 = 4096
3972 + 124 = 4096
3973 + 123 = 4096
3974 + 122 = 4096
3975 + 121 = 4096
3976 + 120 = 4096
3977 + 119 = 4096
3978 + 118 = 4096
3979 + 117 = 4096
3980 + 116 = 4096
3981 + 115 = 4096
3982 + 114 = 4096
3983 + 113 = 4096
3984 + 112 = 4096
3985 + 111 = 4096
3986 + 110 = 4096
3987 + 109 = 4096
3988 + 108 = 4096
3989 + 107 = 4096
3990 + 106 = 4096
3991 + 105 = 4096
3992 + 104 = 4096
3993 + 103 = 4096
3994 + 102 = 4096
3995 + 101 = 4096
3996 + 100 = 4096
3997 + 99 = 4096
3998 + 98 = 4096
3999 + 97 = 4096
4000 + 96 = 4096
4001 + 95 = 4096
4002 + 94 = 4096
4003 + 93 = 4096
4004 + 92 = 4096
4005 + 91 = 4096
4006 + 90 = 4096
4007 + 89 = 4096
4008 + 88 = 4096
4009 + 87 = 4096
4010 + 86 = 4096
4011 + 85 = 4096
4012 + 84 = 4096
4013 + 83 = 4096
4014 + 82 = 4096
4015 + 81 = 4096
4016 + 80 = 4096
4017 + 79 = 4096
4018 + 78 = 4096
4019 + 77 = 4096
4020 + 76 = 4096
4021 + 75 = 4096
4022 + 74 = 4096
4023 + 73 = 4096
4024 + 72 = 4096
4025 + 71 = 4096
4026 + 70 = 4096
4027 + 69 = 4096
4028 + 68 = 4096
4029 + 67 = 4096
4030 + 66 = 4096
4031 + 65 = 4096
4032 + 64 = 4096
4033 + 63 = 4096
4034 + 62 = 4096
4035 + 61 = 4096
4036 + 60 = 4096
4037 + 59 = 4096
4038 + 58 = 4096
4039 + 57 = 4096
4040 + 56 = 4096
4041 + 55 = 4096
4042 + 54 = 4096
4043 + 53 = 4096
4044 + 52 = 4096
4045 + 51 = 4096
4046 + 50 = 4096
4047 + 49 = 4096
4048 + 48 = 4096
4049 + 47 = 4096
4050 + 46 = 4096
4051 + 45 = 4096
4052 + 44 = 4096
4053 + 43 = 4096
4054 + 42 = 4096
4055 + 41 = 4096
4056 + 40 = 4096
4057 + 39 = 4096
4058 + 38 = 4096
4059 + 37 = 4096
4060 + 36 = 4096
4061 + 35 = 4096
4062 + 34 = 4096
4063 + 33 = 4096
4064 + 32 = 4096
4065 + 31 = 4096
4066 + 30 = 4096
4067 + 29 = 4096
4068 + 28 = 4096
4069 + 27 = 4096
4070 + 26 = 4096
4071 + 25 = 4096
4072 + 24 = 4096
4073 + 23 = 4096
4074 + 22 = 4096
4075 + 21 = 4096
4076 + 20 = 4096
4077 + 19 = 4096
4078 + 18 = 4096
4079 + 17 = 4096
4080 + 16 = 4096
4081 + 15 = 4096
4082 + 14 = 4096
4083 + 13 = 4096
4084 + 12 = 4096
4085 + 11 = 4096
4086 + 10 = 4096
4087 + 9 = 4096
4088 + 8 = 4096
4089 + 7 = 4096
4090 + 6 = 4096
4091 + 5 = 4096
4092 + 4 = 4096
4093 + 3 = 4096
4094 + 2 = 4096
4095 + 1 = 4096

real	0m2.542s
user	0m0.216s
sys	0m0.855s
